

================================================================
== Vivado HLS Report for 'SgdLR_sw'
================================================================
* Date:           Sun Apr 11 22:37:13 2021

* Version:        2019.1 (Build 2552052 on Fri May 24 15:28:33 MDT 2019)
* Project:        spam
* Solution:       solution1
* Product family: zynq
* Target device:  xc7z020-clg484-1


================================================================
== Performance Estimates
================================================================
+ Timing (ns): 
    * Summary: 
    +--------+-------+----------+------------+
    |  Clock | Target| Estimated| Uncertainty|
    +--------+-------+----------+------------+
    |ap_clk  |  10.00|     8.670|        1.25|
    +--------+-------+----------+------------+

+ Latency (clock cycles): 
    * Summary: 
    +----------+----------+----------+----------+---------+
    |       Latency       |       Interval      | Pipeline|
    |    min   |    max   |    min   |    max   |   Type  |
    +----------+----------+----------+----------+---------+
    |  70335001|  70335001|  70335001|  70335001|   none  |
    +----------+----------+----------+----------+---------+

    + Detail: 
        * Instance: 
        N/A

        * Loop: 
        +-----------------------+----------+----------+----------+-----------+-----------+-------+----------+
        |                       |       Latency       | Iteration|  Initiation Interval  |  Trip |          |
        |       Loop Name       |    min   |    max   |  Latency |  achieved |   target  | Count | Pipelined|
        +-----------------------+----------+----------+----------+-----------+-----------+-------+----------+
        |- EPOCH_TRAINING_INST  |  70335000|  70335000|      3126|          -|          -|  22500|    no    |
        | + DOT                 |      1028|      1028|         6|          1|          1|   1024|    yes   |
        | + GRAD                |      1028|      1028|         6|          1|          1|   1024|    yes   |
        | + UPDATE              |      1026|      1026|         4|          1|          1|   1024|    yes   |
        +-----------------------+----------+----------+----------+-----------+-----------+-------+----------+

============================================================
+ Verbose Summary: Synthesis Manager
============================================================
InlineROM: 1
ExposeGlobal: 0
============================================================
+ Verbose Summary: CDFG Model
============================================================
IsTopModel: 1
ResetActiveHigh: 1
IsCombinational: 0
IsDatapathOnly: 0
HasWiredReturn: 1
HasMFsm: 0
HasVarLatency: 1
IsPipeline: 0
IsRtlPipelined: 0
IsInstanceOverlapped: 0
IsDontTouch: 0
HasImplIP: 0
IsGatedGlobalClock: 0

+ Individual pipeline summary: 
  * Pipeline-0: initiation interval (II) = 1, depth = 6
  * Pipeline-1: initiation interval (II) = 1, depth = 6
  * Pipeline-2: initiation interval (II) = 1, depth = 4


============================================================
+ Verbose Summary: Schedule
============================================================
* Number of FSM states : 58
* Pipeline : 3
  Pipeline-0 : II = 1, D = 6, States = { 3 4 5 6 7 8 }
  Pipeline-1 : II = 1, D = 6, States = { 47 48 49 50 51 52 }
  Pipeline-2 : II = 1, D = 4, States = { 54 55 56 57 }
* Dataflow Pipeline: 0

* FSM state transitions: 
1 --> 2 
2 --> 3 
3 --> 9 4 
4 --> 5 
5 --> 6 
6 --> 7 
7 --> 8 
8 --> 3 
9 --> 10 
10 --> 11 
11 --> 12 
12 --> 13 
13 --> 14 
14 --> 15 
15 --> 16 
16 --> 17 
17 --> 18 
18 --> 19 
19 --> 20 
20 --> 21 
21 --> 22 
22 --> 23 
23 --> 24 
24 --> 25 
25 --> 26 
26 --> 27 
27 --> 28 
28 --> 29 
29 --> 30 
30 --> 31 
31 --> 32 
32 --> 33 
33 --> 34 
34 --> 35 
35 --> 36 
36 --> 37 
37 --> 38 
38 --> 39 
39 --> 40 
40 --> 41 
41 --> 42 
42 --> 43 
43 --> 44 
44 --> 45 
45 --> 46 
46 --> 47 
47 --> 53 48 
48 --> 49 
49 --> 50 
50 --> 51 
51 --> 52 
52 --> 47 
53 --> 54 
54 --> 58 55 
55 --> 56 
56 --> 57 
57 --> 54 
58 --> 2 

* FSM state operations: 

State 1 <SV = 0> <Delay = 1.76>
ST_1 : Operation 59 [1/1] (0.00ns)   --->   "call void (...)* @_ssdm_op_SpecBitsMap([4608000 x i16]* %data_V), !map !107"   --->   Operation 59 'specbitsmap' <Predicate = true> <Delay = 0.00>
ST_1 : Operation 60 [1/1] (0.00ns)   --->   "call void (...)* @_ssdm_op_SpecBitsMap([4500 x i8]* %label_V), !map !113"   --->   Operation 60 'specbitsmap' <Predicate = true> <Delay = 0.00>
ST_1 : Operation 61 [1/1] (0.00ns)   --->   "call void (...)* @_ssdm_op_SpecBitsMap([1024 x i32]* %theta_V), !map !119"   --->   Operation 61 'specbitsmap' <Predicate = true> <Delay = 0.00>
ST_1 : Operation 62 [1/1] (0.00ns)   --->   "call void (...)* @_ssdm_op_SpecTopModule([9 x i8]* @SgdLR_sw_str) nounwind"   --->   Operation 62 'spectopmodule' <Predicate = true> <Delay = 0.00>
ST_1 : Operation 63 [1/1] (0.00ns)   --->   "%gradient_V = alloca [1024 x i32], align 4" [spam-filter/src/sw/sgd_sw.cpp:103]   --->   Operation 63 'alloca' 'gradient_V' <Predicate = true> <Delay = 0.00> <Core = "RAM">   --->   Core 37 'RAM' <Latency = 1> <II = 1> <Delay = 3.25> <Storage> <Opcode : 'load' 'store'> <Ports = 2> <Width = 8> <Depth = 4500> <RAM>
ST_1 : Operation 64 [1/1] (1.76ns)   --->   "br label %0" [spam-filter/src/sw/sgd_sw.cpp:107]   --->   Operation 64 'br' <Predicate = true> <Delay = 1.76>

State 2 <SV = 1> <Delay = 2.79>
ST_2 : Operation 65 [1/1] (0.00ns)   --->   "%indvar_flatten = phi i15 [ 0, %.preheader.preheader ], [ %add_ln107, %updateParameter.exit ]" [spam-filter/src/sw/sgd_sw.cpp:107]   --->   Operation 65 'phi' 'indvar_flatten' <Predicate = true> <Delay = 0.00>
ST_2 : Operation 66 [1/1] (0.00ns)   --->   "%training_id_0 = phi i13 [ 0, %.preheader.preheader ], [ %training_id, %updateParameter.exit ]"   --->   Operation 66 'phi' 'training_id_0' <Predicate = true> <Delay = 0.00>
ST_2 : Operation 67 [1/1] (2.31ns)   --->   "%icmp_ln107 = icmp eq i15 %indvar_flatten, -10268" [spam-filter/src/sw/sgd_sw.cpp:107]   --->   Operation 67 'icmp' 'icmp_ln107' <Predicate = true> <Delay = 2.31> <Core = "Cmp">   --->   Core 25 'Cmp' <Latency = 0> <II = 1> <Delay = 1.48> <FuncUnit> <Opcode : 'icmp'> <InPorts = 2> <OutPorts = 1>
ST_2 : Operation 68 [1/1] (1.94ns)   --->   "%add_ln107 = add i15 %indvar_flatten, 1" [spam-filter/src/sw/sgd_sw.cpp:107]   --->   Operation 68 'add' 'add_ln107' <Predicate = true> <Delay = 1.94> <Core = "AddSub">   --->   Core 14 'AddSub' <Latency = 0> <II = 1> <Delay = 1.67> <FuncUnit> <Opcode : 'add' 'sub'> <InPorts = 2> <OutPorts = 1>
ST_2 : Operation 69 [1/1] (0.00ns)   --->   "br i1 %icmp_ln107, label %3, label %.preheader" [spam-filter/src/sw/sgd_sw.cpp:107]   --->   Operation 69 'br' <Predicate = true> <Delay = 0.00>
ST_2 : Operation 70 [1/1] (0.00ns)   --->   "call void (...)* @_ssdm_op_SpecLoopName([20 x i8]* @EPOCH_TRAINING_INST_s)"   --->   Operation 70 'specloopname' <Predicate = (!icmp_ln107)> <Delay = 0.00>
ST_2 : Operation 71 [1/1] (0.00ns)   --->   "%empty_65 = call i32 (...)* @_ssdm_op_SpecLoopTripCount(i64 22500, i64 22500, i64 22500)"   --->   Operation 71 'speclooptripcount' 'empty_65' <Predicate = (!icmp_ln107)> <Delay = 0.00>
ST_2 : Operation 72 [1/1] (2.09ns)   --->   "%icmp_ln110 = icmp eq i13 %training_id_0, -3692" [spam-filter/src/sw/sgd_sw.cpp:110]   --->   Operation 72 'icmp' 'icmp_ln110' <Predicate = (!icmp_ln107)> <Delay = 2.09> <Core = "Cmp">   --->   Core 25 'Cmp' <Latency = 0> <II = 1> <Delay = 1.48> <FuncUnit> <Opcode : 'icmp'> <InPorts = 2> <OutPorts = 1>
ST_2 : Operation 73 [1/1] (0.69ns)   --->   "%select_ln110 = select i1 %icmp_ln110, i13 0, i13 %training_id_0" [spam-filter/src/sw/sgd_sw.cpp:110]   --->   Operation 73 'select' 'select_ln110' <Predicate = (!icmp_ln107)> <Delay = 0.69> <Core = "Sel">   --->   Core 26 'Sel' <Latency = 0> <II = 1> <Delay = 0.69> <FuncUnit> <Opcode : 'select'> <InPorts = 3> <OutPorts = 1>
ST_2 : Operation 74 [1/1] (0.00ns)   --->   "call void (...)* @_ssdm_op_SpecLoopName([14 x i8]* @p_str5) nounwind" [spam-filter/src/sw/sgd_sw.cpp:111]   --->   Operation 74 'specloopname' <Predicate = (!icmp_ln107)> <Delay = 0.00>
ST_2 : Operation 75 [1/1] (0.00ns)   --->   "%shl_ln = call i23 @_ssdm_op_BitConcatenate.i23.i13.i10(i13 %select_ln110, i10 0)" [spam-filter/src/sw/sgd_sw.cpp:113]   --->   Operation 75 'bitconcatenate' 'shl_ln' <Predicate = (!icmp_ln107)> <Delay = 0.00>
ST_2 : Operation 76 [1/1] (1.76ns)   --->   "br label %1" [spam-filter/src/sw/sgd_sw.cpp:21->spam-filter/src/sw/sgd_sw.cpp:113]   --->   Operation 76 'br' <Predicate = (!icmp_ln107)> <Delay = 1.76>
ST_2 : Operation 77 [1/1] (0.00ns)   --->   "ret void" [spam-filter/src/sw/sgd_sw.cpp:125]   --->   Operation 77 'ret' <Predicate = (icmp_ln107)> <Delay = 0.00>

State 3 <SV = 2> <Delay = 5.53>
ST_3 : Operation 78 [1/1] (0.00ns)   --->   "%p_Val2_s = phi i32 [ 0, %.preheader ], [ %result_V, %DOT ]"   --->   Operation 78 'phi' 'p_Val2_s' <Predicate = true> <Delay = 0.00>
ST_3 : Operation 79 [1/1] (0.00ns)   --->   "%i_0_i = phi i11 [ 0, %.preheader ], [ %i, %DOT ]"   --->   Operation 79 'phi' 'i_0_i' <Predicate = true> <Delay = 0.00>
ST_3 : Operation 80 [1/1] (1.88ns)   --->   "%icmp_ln21 = icmp eq i11 %i_0_i, -1024" [spam-filter/src/sw/sgd_sw.cpp:21->spam-filter/src/sw/sgd_sw.cpp:113]   --->   Operation 80 'icmp' 'icmp_ln21' <Predicate = true> <Delay = 1.88> <Core = "Cmp">   --->   Core 25 'Cmp' <Latency = 0> <II = 1> <Delay = 1.48> <FuncUnit> <Opcode : 'icmp'> <InPorts = 2> <OutPorts = 1>
ST_3 : Operation 81 [1/1] (0.00ns)   --->   "%empty = call i32 (...)* @_ssdm_op_SpecLoopTripCount(i64 1024, i64 1024, i64 1024)"   --->   Operation 81 'speclooptripcount' 'empty' <Predicate = true> <Delay = 0.00>
ST_3 : Operation 82 [1/1] (1.63ns)   --->   "%i = add i11 %i_0_i, 1" [spam-filter/src/sw/sgd_sw.cpp:21->spam-filter/src/sw/sgd_sw.cpp:113]   --->   Operation 82 'add' 'i' <Predicate = true> <Delay = 1.63> <Core = "AddSub">   --->   Core 14 'AddSub' <Latency = 0> <II = 1> <Delay = 1.67> <FuncUnit> <Opcode : 'add' 'sub'> <InPorts = 2> <OutPorts = 1>
ST_3 : Operation 83 [1/1] (0.00ns)   --->   "br i1 %icmp_ln21, label %dotProduct.exit, label %DOT" [spam-filter/src/sw/sgd_sw.cpp:21->spam-filter/src/sw/sgd_sw.cpp:113]   --->   Operation 83 'br' <Predicate = true> <Delay = 0.00>
ST_3 : Operation 84 [1/1] (0.00ns)   --->   "%zext_ln1116 = zext i11 %i_0_i to i23" [spam-filter/src/sw/sgd_sw.cpp:25->spam-filter/src/sw/sgd_sw.cpp:113]   --->   Operation 84 'zext' 'zext_ln1116' <Predicate = (!icmp_ln21)> <Delay = 0.00>
ST_3 : Operation 85 [1/1] (2.28ns)   --->   "%add_ln1117 = add i23 %shl_ln, %zext_ln1116" [spam-filter/src/sw/sgd_sw.cpp:25->spam-filter/src/sw/sgd_sw.cpp:113]   --->   Operation 85 'add' 'add_ln1117' <Predicate = (!icmp_ln21)> <Delay = 2.28> <Core = "AddSub">   --->   Core 14 'AddSub' <Latency = 0> <II = 1> <Delay = 1.67> <FuncUnit> <Opcode : 'add' 'sub'> <InPorts = 2> <OutPorts = 1>
ST_3 : Operation 86 [1/1] (0.00ns)   --->   "%zext_ln1117 = zext i23 %add_ln1117 to i64" [spam-filter/src/sw/sgd_sw.cpp:25->spam-filter/src/sw/sgd_sw.cpp:113]   --->   Operation 86 'zext' 'zext_ln1117' <Predicate = (!icmp_ln21)> <Delay = 0.00>
ST_3 : Operation 87 [1/1] (0.00ns)   --->   "%data_V_addr = getelementptr [4608000 x i16]* %data_V, i64 0, i64 %zext_ln1117" [spam-filter/src/sw/sgd_sw.cpp:25->spam-filter/src/sw/sgd_sw.cpp:113]   --->   Operation 87 'getelementptr' 'data_V_addr' <Predicate = (!icmp_ln21)> <Delay = 0.00>
ST_3 : Operation 88 [4/4] (3.25ns)   --->   "%data_V_load = load i16* %data_V_addr, align 2" [spam-filter/src/sw/sgd_sw.cpp:25->spam-filter/src/sw/sgd_sw.cpp:113]   --->   Operation 88 'load' 'data_V_load' <Predicate = (!icmp_ln21)> <Delay = 3.25> <Core = "RAM">   --->   Core 37 'RAM' <Latency = 1> <II = 1> <Delay = 3.25> <Storage> <Opcode : 'load' 'store'> <Ports = 2> <Width = 8> <Depth = 4500> <RAM>

State 4 <SV = 3> <Delay = 3.25>
ST_4 : Operation 89 [3/4] (3.25ns)   --->   "%data_V_load = load i16* %data_V_addr, align 2" [spam-filter/src/sw/sgd_sw.cpp:25->spam-filter/src/sw/sgd_sw.cpp:113]   --->   Operation 89 'load' 'data_V_load' <Predicate = (!icmp_ln21)> <Delay = 3.25> <Core = "RAM">   --->   Core 37 'RAM' <Latency = 1> <II = 1> <Delay = 3.25> <Storage> <Opcode : 'load' 'store'> <Ports = 2> <Width = 8> <Depth = 4500> <RAM>

State 5 <SV = 4> <Delay = 3.25>
ST_5 : Operation 90 [1/1] (0.00ns)   --->   "%zext_ln25 = zext i11 %i_0_i to i64" [spam-filter/src/sw/sgd_sw.cpp:25->spam-filter/src/sw/sgd_sw.cpp:113]   --->   Operation 90 'zext' 'zext_ln25' <Predicate = (!icmp_ln21)> <Delay = 0.00>
ST_5 : Operation 91 [1/1] (0.00ns)   --->   "%theta_V_addr = getelementptr [1024 x i32]* %theta_V, i64 0, i64 %zext_ln25" [spam-filter/src/sw/sgd_sw.cpp:25->spam-filter/src/sw/sgd_sw.cpp:113]   --->   Operation 91 'getelementptr' 'theta_V_addr' <Predicate = (!icmp_ln21)> <Delay = 0.00>
ST_5 : Operation 92 [2/2] (3.25ns)   --->   "%theta_V_load = load i32* %theta_V_addr, align 4" [spam-filter/src/sw/sgd_sw.cpp:25->spam-filter/src/sw/sgd_sw.cpp:113]   --->   Operation 92 'load' 'theta_V_load' <Predicate = (!icmp_ln21)> <Delay = 3.25> <Core = "RAM">   --->   Core 37 'RAM' <Latency = 1> <II = 1> <Delay = 3.25> <Storage> <Opcode : 'load' 'store'> <Ports = 2> <Width = 8> <Depth = 4500> <RAM>
ST_5 : Operation 93 [2/4] (3.25ns)   --->   "%data_V_load = load i16* %data_V_addr, align 2" [spam-filter/src/sw/sgd_sw.cpp:25->spam-filter/src/sw/sgd_sw.cpp:113]   --->   Operation 93 'load' 'data_V_load' <Predicate = (!icmp_ln21)> <Delay = 3.25> <Core = "RAM">   --->   Core 37 'RAM' <Latency = 1> <II = 1> <Delay = 3.25> <Storage> <Opcode : 'load' 'store'> <Ports = 2> <Width = 8> <Depth = 4500> <RAM>

State 6 <SV = 5> <Delay = 3.25>
ST_6 : Operation 94 [1/2] (3.25ns)   --->   "%theta_V_load = load i32* %theta_V_addr, align 4" [spam-filter/src/sw/sgd_sw.cpp:25->spam-filter/src/sw/sgd_sw.cpp:113]   --->   Operation 94 'load' 'theta_V_load' <Predicate = (!icmp_ln21)> <Delay = 3.25> <Core = "RAM">   --->   Core 37 'RAM' <Latency = 1> <II = 1> <Delay = 3.25> <Storage> <Opcode : 'load' 'store'> <Ports = 2> <Width = 8> <Depth = 4500> <RAM>
ST_6 : Operation 95 [1/4] (3.25ns)   --->   "%data_V_load = load i16* %data_V_addr, align 2" [spam-filter/src/sw/sgd_sw.cpp:25->spam-filter/src/sw/sgd_sw.cpp:113]   --->   Operation 95 'load' 'data_V_load' <Predicate = (!icmp_ln21)> <Delay = 3.25> <Core = "RAM">   --->   Core 37 'RAM' <Latency = 1> <II = 1> <Delay = 3.25> <Storage> <Opcode : 'load' 'store'> <Ports = 2> <Width = 8> <Depth = 4500> <RAM>

State 7 <SV = 6> <Delay = 8.51>
ST_7 : Operation 96 [1/1] (0.00ns)   --->   "%sext_ln1192 = sext i32 %theta_V_load to i44" [spam-filter/src/sw/sgd_sw.cpp:25->spam-filter/src/sw/sgd_sw.cpp:113]   --->   Operation 96 'sext' 'sext_ln1192' <Predicate = (!icmp_ln21)> <Delay = 0.00>
ST_7 : Operation 97 [1/1] (0.00ns)   --->   "%sext_ln1192_1 = sext i16 %data_V_load to i44" [spam-filter/src/sw/sgd_sw.cpp:25->spam-filter/src/sw/sgd_sw.cpp:113]   --->   Operation 97 'sext' 'sext_ln1192_1' <Predicate = (!icmp_ln21)> <Delay = 0.00>
ST_7 : Operation 98 [1/1] (8.51ns)   --->   "%mul_ln1192 = mul i44 %sext_ln1192_1, %sext_ln1192" [spam-filter/src/sw/sgd_sw.cpp:25->spam-filter/src/sw/sgd_sw.cpp:113]   --->   Operation 98 'mul' 'mul_ln1192' <Predicate = (!icmp_ln21)> <Delay = 8.51> <Core = "Mul">   --->   Core 16 'Mul' <Latency = 0> <II = 1> <Delay = 8.51> <FuncUnit> <Opcode : 'mul'> <InPorts = 2> <OutPorts = 1>

State 8 <SV = 7> <Delay = 2.98>
ST_8 : Operation 99 [1/1] (0.00ns)   --->   "call void (...)* @_ssdm_op_SpecLoopName([4 x i8]* @p_str) nounwind" [spam-filter/src/sw/sgd_sw.cpp:22->spam-filter/src/sw/sgd_sw.cpp:113]   --->   Operation 99 'specloopname' <Predicate = (!icmp_ln21)> <Delay = 0.00>
ST_8 : Operation 100 [1/1] (0.00ns)   --->   "%tmp_i = call i32 (...)* @_ssdm_op_SpecRegionBegin([4 x i8]* @p_str)" [spam-filter/src/sw/sgd_sw.cpp:22->spam-filter/src/sw/sgd_sw.cpp:113]   --->   Operation 100 'specregionbegin' 'tmp_i' <Predicate = (!icmp_ln21)> <Delay = 0.00>
ST_8 : Operation 101 [1/1] (0.00ns)   --->   "call void (...)* @_ssdm_op_SpecPipeline(i32 1, i32 1, i32 1, i32 0, [1 x i8]* @p_str1) nounwind" [spam-filter/src/sw/sgd_sw.cpp:23->spam-filter/src/sw/sgd_sw.cpp:113]   --->   Operation 101 'specpipeline' <Predicate = (!icmp_ln21)> <Delay = 0.00>
ST_8 : Operation 102 [1/1] (0.00ns)   --->   "%lhs_V = call i44 @_ssdm_op_BitConcatenate.i44.i32.i12(i32 %p_Val2_s, i12 0)" [spam-filter/src/sw/sgd_sw.cpp:25->spam-filter/src/sw/sgd_sw.cpp:113]   --->   Operation 102 'bitconcatenate' 'lhs_V' <Predicate = (!icmp_ln21)> <Delay = 0.00>
ST_8 : Operation 103 [1/1] (2.98ns)   --->   "%ret_V = add i44 %mul_ln1192, %lhs_V" [spam-filter/src/sw/sgd_sw.cpp:25->spam-filter/src/sw/sgd_sw.cpp:113]   --->   Operation 103 'add' 'ret_V' <Predicate = (!icmp_ln21)> <Delay = 2.98> <Core = "AddSub">   --->   Core 14 'AddSub' <Latency = 0> <II = 1> <Delay = 1.67> <FuncUnit> <Opcode : 'add' 'sub'> <InPorts = 2> <OutPorts = 1>
ST_8 : Operation 104 [1/1] (0.00ns)   --->   "%result_V = call i32 @_ssdm_op_PartSelect.i32.i44.i32.i32(i44 %ret_V, i32 12, i32 43)" [spam-filter/src/sw/sgd_sw.cpp:25->spam-filter/src/sw/sgd_sw.cpp:113]   --->   Operation 104 'partselect' 'result_V' <Predicate = (!icmp_ln21)> <Delay = 0.00>
ST_8 : Operation 105 [1/1] (0.00ns)   --->   "%empty_60 = call i32 (...)* @_ssdm_op_SpecRegionEnd([4 x i8]* @p_str, i32 %tmp_i)" [spam-filter/src/sw/sgd_sw.cpp:36->spam-filter/src/sw/sgd_sw.cpp:113]   --->   Operation 105 'specregionend' 'empty_60' <Predicate = (!icmp_ln21)> <Delay = 0.00>
ST_8 : Operation 106 [1/1] (0.00ns)   --->   "br label %1" [spam-filter/src/sw/sgd_sw.cpp:21->spam-filter/src/sw/sgd_sw.cpp:113]   --->   Operation 106 'br' <Predicate = (!icmp_ln21)> <Delay = 0.00>

State 9 <SV = 3> <Delay = 7.31>
ST_9 : Operation 107 [1/1] (2.55ns)   --->   "%sub_ln1253 = sub i32 0, %p_Val2_s" [spam-filter/src/sw/sgd_sw.cpp:42->spam-filter/src/sw/sgd_sw.cpp:115]   --->   Operation 107 'sub' 'sub_ln1253' <Predicate = true> <Delay = 2.55> <Core = "AddSub">   --->   Core 14 'AddSub' <Latency = 0> <II = 1> <Delay = 1.67> <FuncUnit> <Opcode : 'add' 'sub'> <InPorts = 2> <OutPorts = 1>
ST_9 : Operation 108 [1/1] (2.47ns)   --->   "%p_Result_8 = icmp sgt i32 %p_Val2_s, 0" [spam-filter/src/sw/sgd_sw.cpp:42->spam-filter/src/sw/sgd_sw.cpp:115]   --->   Operation 108 'icmp' 'p_Result_8' <Predicate = true> <Delay = 2.47> <Core = "Cmp">   --->   Core 25 'Cmp' <Latency = 0> <II = 1> <Delay = 1.48> <FuncUnit> <Opcode : 'icmp'> <InPorts = 2> <OutPorts = 1>
ST_9 : Operation 109 [1/1] (0.69ns)   --->   "%tmp_V = select i1 %p_Result_8, i32 %p_Val2_s, i32 %sub_ln1253" [spam-filter/src/sw/sgd_sw.cpp:42->spam-filter/src/sw/sgd_sw.cpp:115]   --->   Operation 109 'select' 'tmp_V' <Predicate = true> <Delay = 0.69> <Core = "Sel">   --->   Core 26 'Sel' <Latency = 0> <II = 1> <Delay = 0.69> <FuncUnit> <Opcode : 'select'> <InPorts = 3> <OutPorts = 1>
ST_9 : Operation 110 [1/1] (0.00ns)   --->   "%zext_ln938 = zext i32 %tmp_V to i33" [spam-filter/src/sw/sgd_sw.cpp:42->spam-filter/src/sw/sgd_sw.cpp:115]   --->   Operation 110 'zext' 'zext_ln938' <Predicate = true> <Delay = 0.00>
ST_9 : Operation 111 [1/1] (0.00ns)   --->   "%p_Result_s = call i33 @llvm.part.select.i33(i33 %zext_ln938, i32 32, i32 0) nounwind" [spam-filter/src/sw/sgd_sw.cpp:42->spam-filter/src/sw/sgd_sw.cpp:115]   --->   Operation 111 'partselect' 'p_Result_s' <Predicate = true> <Delay = 0.00>
ST_9 : Operation 112 [1/1] (0.00ns)   --->   "%p_Result_9 = call i64 @_ssdm_op_BitConcatenate.i64.i31.i33(i31 -1, i33 %p_Result_s)" [spam-filter/src/sw/sgd_sw.cpp:42->spam-filter/src/sw/sgd_sw.cpp:115]   --->   Operation 112 'bitconcatenate' 'p_Result_9' <Predicate = true> <Delay = 0.00>
ST_9 : Operation 113 [1/1] (4.06ns)   --->   "%tmp_i3 = call i64 @llvm.cttz.i64(i64 %p_Result_9, i1 true) nounwind" [spam-filter/src/sw/sgd_sw.cpp:42->spam-filter/src/sw/sgd_sw.cpp:115]   --->   Operation 113 'cttz' 'tmp_i3' <Predicate = true> <Delay = 4.06> <Core = "CTTZ">   --->   Core 64 'CTTZ' <Latency = 0> <II = 1> <Delay = 4.06> <FuncUnit> <Opcode : 'cttz'> <InPorts = 1> <OutPorts = 1>
ST_9 : Operation 114 [1/1] (0.00ns)   --->   "%l = trunc i64 %tmp_i3 to i32" [spam-filter/src/sw/sgd_sw.cpp:42->spam-filter/src/sw/sgd_sw.cpp:115]   --->   Operation 114 'trunc' 'l' <Predicate = true> <Delay = 0.00>
ST_9 : Operation 115 [1/1] (0.00ns)   --->   "%trunc_ln943 = trunc i64 %tmp_i3 to i8" [spam-filter/src/sw/sgd_sw.cpp:42->spam-filter/src/sw/sgd_sw.cpp:115]   --->   Operation 115 'trunc' 'trunc_ln943' <Predicate = true> <Delay = 0.00>

State 10 <SV = 4> <Delay = 8.55>
ST_10 : Operation 116 [1/1] (2.55ns)   --->   "%sub_ln944 = sub nsw i32 33, %l" [spam-filter/src/sw/sgd_sw.cpp:42->spam-filter/src/sw/sgd_sw.cpp:115]   --->   Operation 116 'sub' 'sub_ln944' <Predicate = true> <Delay = 2.55> <Core = "AddSub">   --->   Core 14 'AddSub' <Latency = 0> <II = 1> <Delay = 1.67> <FuncUnit> <Opcode : 'add' 'sub'> <InPorts = 2> <OutPorts = 1>
ST_10 : Operation 117 [1/1] (2.55ns)   --->   "%lsb_index = add nsw i32 -24, %sub_ln944" [spam-filter/src/sw/sgd_sw.cpp:42->spam-filter/src/sw/sgd_sw.cpp:115]   --->   Operation 117 'add' 'lsb_index' <Predicate = true> <Delay = 2.55> <Core = "AddSub">   --->   Core 14 'AddSub' <Latency = 0> <II = 1> <Delay = 1.67> <FuncUnit> <Opcode : 'add' 'sub'> <InPorts = 2> <OutPorts = 1>
ST_10 : Operation 118 [1/1] (0.00ns)   --->   "%tmp = call i31 @_ssdm_op_PartSelect.i31.i32.i32.i32(i32 %lsb_index, i32 1, i32 31)" [spam-filter/src/sw/sgd_sw.cpp:42->spam-filter/src/sw/sgd_sw.cpp:115]   --->   Operation 118 'partselect' 'tmp' <Predicate = true> <Delay = 0.00>
ST_10 : Operation 119 [1/1] (2.47ns)   --->   "%icmp_ln947 = icmp sgt i31 %tmp, 0" [spam-filter/src/sw/sgd_sw.cpp:42->spam-filter/src/sw/sgd_sw.cpp:115]   --->   Operation 119 'icmp' 'icmp_ln947' <Predicate = true> <Delay = 2.47> <Core = "Cmp">   --->   Core 25 'Cmp' <Latency = 0> <II = 1> <Delay = 1.48> <FuncUnit> <Opcode : 'icmp'> <InPorts = 2> <OutPorts = 1>
ST_10 : Operation 120 [1/1] (0.00ns)   --->   "%trunc_ln947 = trunc i32 %sub_ln944 to i6" [spam-filter/src/sw/sgd_sw.cpp:42->spam-filter/src/sw/sgd_sw.cpp:115]   --->   Operation 120 'trunc' 'trunc_ln947' <Predicate = true> <Delay = 0.00>
ST_10 : Operation 121 [1/1] (1.82ns)   --->   "%sub_ln947 = sub i6 -6, %trunc_ln947" [spam-filter/src/sw/sgd_sw.cpp:42->spam-filter/src/sw/sgd_sw.cpp:115]   --->   Operation 121 'sub' 'sub_ln947' <Predicate = true> <Delay = 1.82> <Core = "AddSub">   --->   Core 14 'AddSub' <Latency = 0> <II = 1> <Delay = 1.67> <FuncUnit> <Opcode : 'add' 'sub'> <InPorts = 2> <OutPorts = 1>
ST_10 : Operation 122 [1/1] (0.00ns) (grouped into LUT with out node icmp_ln947_1)   --->   "%zext_ln947 = zext i6 %sub_ln947 to i33" [spam-filter/src/sw/sgd_sw.cpp:42->spam-filter/src/sw/sgd_sw.cpp:115]   --->   Operation 122 'zext' 'zext_ln947' <Predicate = true> <Delay = 0.00>
ST_10 : Operation 123 [1/1] (0.00ns) (grouped into LUT with out node icmp_ln947_1)   --->   "%lshr_ln947 = lshr i33 -1, %zext_ln947" [spam-filter/src/sw/sgd_sw.cpp:42->spam-filter/src/sw/sgd_sw.cpp:115]   --->   Operation 123 'lshr' 'lshr_ln947' <Predicate = true> <Delay = 0.00> <Core = "Shift">   --->   Core 28 'Shift' <Latency = 0> <II = 1> <Delay = 4.42> <FuncUnit> <Opcode : 'shl' 'lshr' 'ashr'> <InPorts = 2> <OutPorts = 1>
ST_10 : Operation 124 [1/1] (0.00ns) (grouped into LUT with out node icmp_ln947_1)   --->   "%p_Result_4 = and i33 %zext_ln938, %lshr_ln947" [spam-filter/src/sw/sgd_sw.cpp:42->spam-filter/src/sw/sgd_sw.cpp:115]   --->   Operation 124 'and' 'p_Result_4' <Predicate = true> <Delay = 0.00> <Core = "LogicGate">   --->   Core 27 'LogicGate' <Latency = 0> <II = 1> <Delay = 0.97> <FuncUnit> <Opcode : 'and' 'or' 'xor'> <InPorts = 2> <OutPorts = 1>
ST_10 : Operation 125 [1/1] (2.94ns) (out node of the LUT)   --->   "%icmp_ln947_1 = icmp ne i33 %p_Result_4, 0" [spam-filter/src/sw/sgd_sw.cpp:42->spam-filter/src/sw/sgd_sw.cpp:115]   --->   Operation 125 'icmp' 'icmp_ln947_1' <Predicate = true> <Delay = 2.94> <Core = "Cmp">   --->   Core 25 'Cmp' <Latency = 0> <II = 1> <Delay = 1.48> <FuncUnit> <Opcode : 'icmp'> <InPorts = 2> <OutPorts = 1>
ST_10 : Operation 126 [1/1] (0.00ns) (grouped into LUT with out node or_ln_i)   --->   "%a = and i1 %icmp_ln947, %icmp_ln947_1" [spam-filter/src/sw/sgd_sw.cpp:42->spam-filter/src/sw/sgd_sw.cpp:115]   --->   Operation 126 'and' 'a' <Predicate = true> <Delay = 0.00> <Core = "LogicGate">   --->   Core 27 'LogicGate' <Latency = 0> <II = 1> <Delay = 0.97> <FuncUnit> <Opcode : 'and' 'or' 'xor'> <InPorts = 2> <OutPorts = 1>
ST_10 : Operation 127 [1/1] (0.00ns) (grouped into LUT with out node or_ln_i)   --->   "%tmp_1 = call i1 @_ssdm_op_BitSelect.i1.i32.i32(i32 %lsb_index, i32 31)" [spam-filter/src/sw/sgd_sw.cpp:42->spam-filter/src/sw/sgd_sw.cpp:115]   --->   Operation 127 'bitselect' 'tmp_1' <Predicate = true> <Delay = 0.00>
ST_10 : Operation 128 [1/1] (0.00ns) (grouped into LUT with out node or_ln_i)   --->   "%xor_ln949 = xor i1 %tmp_1, true" [spam-filter/src/sw/sgd_sw.cpp:42->spam-filter/src/sw/sgd_sw.cpp:115]   --->   Operation 128 'xor' 'xor_ln949' <Predicate = true> <Delay = 0.00> <Core = "LogicGate">   --->   Core 27 'LogicGate' <Latency = 0> <II = 1> <Delay = 0.97> <FuncUnit> <Opcode : 'and' 'or' 'xor'> <InPorts = 2> <OutPorts = 1>
ST_10 : Operation 129 [1/1] (0.00ns) (grouped into LUT with out node or_ln_i)   --->   "%p_Result_3 = call i1 @_ssdm_op_BitSelect.i1.i33.i32(i33 %zext_ln938, i32 %lsb_index)" [spam-filter/src/sw/sgd_sw.cpp:42->spam-filter/src/sw/sgd_sw.cpp:115]   --->   Operation 129 'bitselect' 'p_Result_3' <Predicate = true> <Delay = 0.00>
ST_10 : Operation 130 [1/1] (0.00ns) (grouped into LUT with out node or_ln_i)   --->   "%and_ln949 = and i1 %p_Result_3, %xor_ln949" [spam-filter/src/sw/sgd_sw.cpp:42->spam-filter/src/sw/sgd_sw.cpp:115]   --->   Operation 130 'and' 'and_ln949' <Predicate = true> <Delay = 0.00> <Core = "LogicGate">   --->   Core 27 'LogicGate' <Latency = 0> <II = 1> <Delay = 0.97> <FuncUnit> <Opcode : 'and' 'or' 'xor'> <InPorts = 2> <OutPorts = 1>
ST_10 : Operation 131 [1/1] (0.00ns) (grouped into LUT with out node or_ln_i)   --->   "%or_ln949 = or i1 %and_ln949, %a" [spam-filter/src/sw/sgd_sw.cpp:42->spam-filter/src/sw/sgd_sw.cpp:115]   --->   Operation 131 'or' 'or_ln949' <Predicate = true> <Delay = 0.00> <Core = "LogicGate">   --->   Core 27 'LogicGate' <Latency = 0> <II = 1> <Delay = 0.97> <FuncUnit> <Opcode : 'and' 'or' 'xor'> <InPorts = 2> <OutPorts = 1>
ST_10 : Operation 132 [1/1] (0.97ns) (out node of the LUT)   --->   "%or_ln_i = call i32 @_ssdm_op_BitConcatenate.i32.i31.i1(i31 0, i1 %or_ln949)" [spam-filter/src/sw/sgd_sw.cpp:42->spam-filter/src/sw/sgd_sw.cpp:115]   --->   Operation 132 'bitconcatenate' 'or_ln_i' <Predicate = true> <Delay = 0.97>
ST_10 : Operation 133 [1/1] (2.47ns)   --->   "%icmp_ln954 = icmp sgt i32 %lsb_index, 0" [spam-filter/src/sw/sgd_sw.cpp:42->spam-filter/src/sw/sgd_sw.cpp:115]   --->   Operation 133 'icmp' 'icmp_ln954' <Predicate = true> <Delay = 2.47> <Core = "Cmp">   --->   Core 25 'Cmp' <Latency = 0> <II = 1> <Delay = 1.48> <FuncUnit> <Opcode : 'icmp'> <InPorts = 2> <OutPorts = 1>

State 11 <SV = 5> <Delay = 6.97>
ST_11 : Operation 134 [1/1] (2.55ns)   --->   "%add_ln954 = add nsw i32 -25, %sub_ln944" [spam-filter/src/sw/sgd_sw.cpp:42->spam-filter/src/sw/sgd_sw.cpp:115]   --->   Operation 134 'add' 'add_ln954' <Predicate = (icmp_ln954)> <Delay = 2.55> <Core = "AddSub">   --->   Core 14 'AddSub' <Latency = 0> <II = 1> <Delay = 1.67> <FuncUnit> <Opcode : 'add' 'sub'> <InPorts = 2> <OutPorts = 1>
ST_11 : Operation 135 [1/1] (0.00ns) (grouped into LUT with out node m_1)   --->   "%lshr_ln954 = lshr i32 %tmp_V, %add_ln954" [spam-filter/src/sw/sgd_sw.cpp:42->spam-filter/src/sw/sgd_sw.cpp:115]   --->   Operation 135 'lshr' 'lshr_ln954' <Predicate = (icmp_ln954)> <Delay = 0.00> <Core = "Shift">   --->   Core 28 'Shift' <Latency = 0> <II = 1> <Delay = 4.42> <FuncUnit> <Opcode : 'shl' 'lshr' 'ashr'> <InPorts = 2> <OutPorts = 1>
ST_11 : Operation 136 [1/1] (2.55ns)   --->   "%sub_ln954 = sub i32 25, %sub_ln944" [spam-filter/src/sw/sgd_sw.cpp:42->spam-filter/src/sw/sgd_sw.cpp:115]   --->   Operation 136 'sub' 'sub_ln954' <Predicate = (!icmp_ln954)> <Delay = 2.55> <Core = "AddSub">   --->   Core 14 'AddSub' <Latency = 0> <II = 1> <Delay = 1.67> <FuncUnit> <Opcode : 'add' 'sub'> <InPorts = 2> <OutPorts = 1>
ST_11 : Operation 137 [1/1] (0.00ns) (grouped into LUT with out node m_1)   --->   "%shl_ln954 = shl i32 %tmp_V, %sub_ln954" [spam-filter/src/sw/sgd_sw.cpp:42->spam-filter/src/sw/sgd_sw.cpp:115]   --->   Operation 137 'shl' 'shl_ln954' <Predicate = (!icmp_ln954)> <Delay = 0.00> <Core = "Shift">   --->   Core 28 'Shift' <Latency = 0> <II = 1> <Delay = 4.42> <FuncUnit> <Opcode : 'shl' 'lshr' 'ashr'> <InPorts = 2> <OutPorts = 1>
ST_11 : Operation 138 [1/1] (0.00ns) (grouped into LUT with out node m_1)   --->   "%m = select i1 %icmp_ln954, i32 %lshr_ln954, i32 %shl_ln954" [spam-filter/src/sw/sgd_sw.cpp:42->spam-filter/src/sw/sgd_sw.cpp:115]   --->   Operation 138 'select' 'm' <Predicate = true> <Delay = 0.00> <Core = "Sel">   --->   Core 26 'Sel' <Latency = 0> <II = 1> <Delay = 0.69> <FuncUnit> <Opcode : 'select'> <InPorts = 3> <OutPorts = 1>
ST_11 : Operation 139 [1/1] (4.42ns) (out node of the LUT)   --->   "%m_1 = add i32 %or_ln_i, %m" [spam-filter/src/sw/sgd_sw.cpp:42->spam-filter/src/sw/sgd_sw.cpp:115]   --->   Operation 139 'add' 'm_1' <Predicate = true> <Delay = 4.42> <Core = "AddSub">   --->   Core 14 'AddSub' <Latency = 0> <II = 1> <Delay = 1.67> <FuncUnit> <Opcode : 'add' 'sub'> <InPorts = 2> <OutPorts = 1>
ST_11 : Operation 140 [1/1] (0.00ns)   --->   "%m_4 = call i31 @_ssdm_op_PartSelect.i31.i32.i32.i32(i32 %m_1, i32 1, i32 31)" [spam-filter/src/sw/sgd_sw.cpp:42->spam-filter/src/sw/sgd_sw.cpp:115]   --->   Operation 140 'partselect' 'm_4' <Predicate = true> <Delay = 0.00>
ST_11 : Operation 141 [1/1] (0.00ns)   --->   "%tmp_2 = call i1 @_ssdm_op_BitSelect.i1.i32.i32(i32 %m_1, i32 25)" [spam-filter/src/sw/sgd_sw.cpp:42->spam-filter/src/sw/sgd_sw.cpp:115]   --->   Operation 141 'bitselect' 'tmp_2' <Predicate = true> <Delay = 0.00>

State 12 <SV = 6> <Delay = 5.61>
ST_12 : Operation 142 [1/1] (2.47ns)   --->   "%icmp_ln935 = icmp eq i32 %p_Val2_s, 0" [spam-filter/src/sw/sgd_sw.cpp:42->spam-filter/src/sw/sgd_sw.cpp:115]   --->   Operation 142 'icmp' 'icmp_ln935' <Predicate = true> <Delay = 2.47> <Core = "Cmp">   --->   Core 25 'Cmp' <Latency = 0> <II = 1> <Delay = 1.48> <FuncUnit> <Opcode : 'icmp'> <InPorts = 2> <OutPorts = 1>
ST_12 : Operation 143 [1/1] (0.00ns)   --->   "%m_5 = zext i31 %m_4 to i32" [spam-filter/src/sw/sgd_sw.cpp:42->spam-filter/src/sw/sgd_sw.cpp:115]   --->   Operation 143 'zext' 'm_5' <Predicate = true> <Delay = 0.00>
ST_12 : Operation 144 [1/1] (1.24ns)   --->   "%select_ln964 = select i1 %tmp_2, i8 127, i8 126" [spam-filter/src/sw/sgd_sw.cpp:42->spam-filter/src/sw/sgd_sw.cpp:115]   --->   Operation 144 'select' 'select_ln964' <Predicate = true> <Delay = 1.24> <Core = "Sel">   --->   Core 26 'Sel' <Latency = 0> <II = 1> <Delay = 0.69> <FuncUnit> <Opcode : 'select'> <InPorts = 3> <OutPorts = 1>
ST_12 : Operation 145 [1/1] (0.00ns) (grouped into TernaryAdder)   --->   "%sub_ln964 = sub i8 14, %trunc_ln943" [spam-filter/src/sw/sgd_sw.cpp:42->spam-filter/src/sw/sgd_sw.cpp:115]   --->   Operation 145 'sub' 'sub_ln964' <Predicate = true> <Delay = 0.00> <Core = "TAddSub">   --->   Core 83 'TAddSub' <Latency = 0> <II = 1> <Delay = 1.83> <IPBlock> <Opcode : 'add' 'sub'> <InPorts = 3> <OutPorts = 1> <Sync> <CReg>
ST_12 : Operation 146 [1/1] (3.66ns) (root node of TernaryAdder)   --->   "%add_ln964 = add i8 %sub_ln964, %select_ln964" [spam-filter/src/sw/sgd_sw.cpp:42->spam-filter/src/sw/sgd_sw.cpp:115]   --->   Operation 146 'add' 'add_ln964' <Predicate = true> <Delay = 3.66> <Core = "TAddSub">   --->   Core 83 'TAddSub' <Latency = 0> <II = 1> <Delay = 1.83> <IPBlock> <Opcode : 'add' 'sub'> <InPorts = 3> <OutPorts = 1> <Sync> <CReg>
ST_12 : Operation 147 [1/1] (0.00ns)   --->   "%tmp_4_i = call i9 @_ssdm_op_BitConcatenate.i9.i1.i8(i1 %p_Result_8, i8 %add_ln964)" [spam-filter/src/sw/sgd_sw.cpp:42->spam-filter/src/sw/sgd_sw.cpp:115]   --->   Operation 147 'bitconcatenate' 'tmp_4_i' <Predicate = true> <Delay = 0.00>
ST_12 : Operation 148 [1/1] (0.00ns)   --->   "%p_Result_10 = call i32 @_ssdm_op_PartSet.i32.i32.i9.i32.i32(i32 %m_5, i9 %tmp_4_i, i32 23, i32 31)" [spam-filter/src/sw/sgd_sw.cpp:42->spam-filter/src/sw/sgd_sw.cpp:115]   --->   Operation 148 'partset' 'p_Result_10' <Predicate = true> <Delay = 0.00>
ST_12 : Operation 149 [1/1] (0.00ns)   --->   "%bitcast_ln739 = bitcast i32 %p_Result_10 to float" [spam-filter/src/sw/sgd_sw.cpp:42->spam-filter/src/sw/sgd_sw.cpp:115]   --->   Operation 149 'bitcast' 'bitcast_ln739' <Predicate = true> <Delay = 0.00>
ST_12 : Operation 150 [1/1] (0.69ns)   --->   "%select_ln935 = select i1 %icmp_ln935, float 0.000000e+00, float %bitcast_ln739" [spam-filter/src/sw/sgd_sw.cpp:42->spam-filter/src/sw/sgd_sw.cpp:115]   --->   Operation 150 'select' 'select_ln935' <Predicate = true> <Delay = 0.69> <Core = "Sel">   --->   Core 26 'Sel' <Latency = 0> <II = 1> <Delay = 0.69> <FuncUnit> <Opcode : 'select'> <InPorts = 3> <OutPorts = 1>

State 13 <SV = 7> <Delay = 7.68>
ST_13 : Operation 151 [9/9] (7.68ns)   --->   "%tmp_1_i = call float @llvm.exp.f32(float %select_ln935)" [spam-filter/src/sw/sgd_sw.cpp:42->spam-filter/src/sw/sgd_sw.cpp:115]   --->   Operation 151 'fexp' 'tmp_1_i' <Predicate = true> <Delay = 7.68> <Core = "FExp">   --->   Core 127 'FExp' <Latency = 8> <II = 1> <Delay = 7.68> <FuncUnit> <Opcode : 'fexp'> <InPorts = 1> <OutPorts = 1>

State 14 <SV = 8> <Delay = 7.68>
ST_14 : Operation 152 [8/9] (7.68ns)   --->   "%tmp_1_i = call float @llvm.exp.f32(float %select_ln935)" [spam-filter/src/sw/sgd_sw.cpp:42->spam-filter/src/sw/sgd_sw.cpp:115]   --->   Operation 152 'fexp' 'tmp_1_i' <Predicate = true> <Delay = 7.68> <Core = "FExp">   --->   Core 127 'FExp' <Latency = 8> <II = 1> <Delay = 7.68> <FuncUnit> <Opcode : 'fexp'> <InPorts = 1> <OutPorts = 1>

State 15 <SV = 9> <Delay = 7.68>
ST_15 : Operation 153 [7/9] (7.68ns)   --->   "%tmp_1_i = call float @llvm.exp.f32(float %select_ln935)" [spam-filter/src/sw/sgd_sw.cpp:42->spam-filter/src/sw/sgd_sw.cpp:115]   --->   Operation 153 'fexp' 'tmp_1_i' <Predicate = true> <Delay = 7.68> <Core = "FExp">   --->   Core 127 'FExp' <Latency = 8> <II = 1> <Delay = 7.68> <FuncUnit> <Opcode : 'fexp'> <InPorts = 1> <OutPorts = 1>

State 16 <SV = 10> <Delay = 7.68>
ST_16 : Operation 154 [6/9] (7.68ns)   --->   "%tmp_1_i = call float @llvm.exp.f32(float %select_ln935)" [spam-filter/src/sw/sgd_sw.cpp:42->spam-filter/src/sw/sgd_sw.cpp:115]   --->   Operation 154 'fexp' 'tmp_1_i' <Predicate = true> <Delay = 7.68> <Core = "FExp">   --->   Core 127 'FExp' <Latency = 8> <II = 1> <Delay = 7.68> <FuncUnit> <Opcode : 'fexp'> <InPorts = 1> <OutPorts = 1>

State 17 <SV = 11> <Delay = 7.68>
ST_17 : Operation 155 [5/9] (7.68ns)   --->   "%tmp_1_i = call float @llvm.exp.f32(float %select_ln935)" [spam-filter/src/sw/sgd_sw.cpp:42->spam-filter/src/sw/sgd_sw.cpp:115]   --->   Operation 155 'fexp' 'tmp_1_i' <Predicate = true> <Delay = 7.68> <Core = "FExp">   --->   Core 127 'FExp' <Latency = 8> <II = 1> <Delay = 7.68> <FuncUnit> <Opcode : 'fexp'> <InPorts = 1> <OutPorts = 1>

State 18 <SV = 12> <Delay = 7.68>
ST_18 : Operation 156 [4/9] (7.68ns)   --->   "%tmp_1_i = call float @llvm.exp.f32(float %select_ln935)" [spam-filter/src/sw/sgd_sw.cpp:42->spam-filter/src/sw/sgd_sw.cpp:115]   --->   Operation 156 'fexp' 'tmp_1_i' <Predicate = true> <Delay = 7.68> <Core = "FExp">   --->   Core 127 'FExp' <Latency = 8> <II = 1> <Delay = 7.68> <FuncUnit> <Opcode : 'fexp'> <InPorts = 1> <OutPorts = 1>

State 19 <SV = 13> <Delay = 7.68>
ST_19 : Operation 157 [3/9] (7.68ns)   --->   "%tmp_1_i = call float @llvm.exp.f32(float %select_ln935)" [spam-filter/src/sw/sgd_sw.cpp:42->spam-filter/src/sw/sgd_sw.cpp:115]   --->   Operation 157 'fexp' 'tmp_1_i' <Predicate = true> <Delay = 7.68> <Core = "FExp">   --->   Core 127 'FExp' <Latency = 8> <II = 1> <Delay = 7.68> <FuncUnit> <Opcode : 'fexp'> <InPorts = 1> <OutPorts = 1>

State 20 <SV = 14> <Delay = 7.68>
ST_20 : Operation 158 [2/9] (7.68ns)   --->   "%tmp_1_i = call float @llvm.exp.f32(float %select_ln935)" [spam-filter/src/sw/sgd_sw.cpp:42->spam-filter/src/sw/sgd_sw.cpp:115]   --->   Operation 158 'fexp' 'tmp_1_i' <Predicate = true> <Delay = 7.68> <Core = "FExp">   --->   Core 127 'FExp' <Latency = 8> <II = 1> <Delay = 7.68> <FuncUnit> <Opcode : 'fexp'> <InPorts = 1> <OutPorts = 1>

State 21 <SV = 15> <Delay = 7.68>
ST_21 : Operation 159 [1/9] (7.68ns)   --->   "%tmp_1_i = call float @llvm.exp.f32(float %select_ln935)" [spam-filter/src/sw/sgd_sw.cpp:42->spam-filter/src/sw/sgd_sw.cpp:115]   --->   Operation 159 'fexp' 'tmp_1_i' <Predicate = true> <Delay = 7.68> <Core = "FExp">   --->   Core 127 'FExp' <Latency = 8> <II = 1> <Delay = 7.68> <FuncUnit> <Opcode : 'fexp'> <InPorts = 1> <OutPorts = 1>

State 22 <SV = 16> <Delay = 7.25>
ST_22 : Operation 160 [5/5] (7.25ns)   --->   "%tmp_2_i = fadd float %tmp_1_i, 1.000000e+00" [spam-filter/src/sw/sgd_sw.cpp:42->spam-filter/src/sw/sgd_sw.cpp:115]   --->   Operation 160 'fadd' 'tmp_2_i' <Predicate = true> <Delay = 7.25> <Core = "FAddSub">   --->   Core 105 'FAddSub' <Latency = 4> <II = 1> <Delay = 7.25> <FuncUnit> <Opcode : 'fadd' 'fsub'> <InPorts = 2> <OutPorts = 1>

State 23 <SV = 17> <Delay = 7.25>
ST_23 : Operation 161 [4/5] (7.25ns)   --->   "%tmp_2_i = fadd float %tmp_1_i, 1.000000e+00" [spam-filter/src/sw/sgd_sw.cpp:42->spam-filter/src/sw/sgd_sw.cpp:115]   --->   Operation 161 'fadd' 'tmp_2_i' <Predicate = true> <Delay = 7.25> <Core = "FAddSub">   --->   Core 105 'FAddSub' <Latency = 4> <II = 1> <Delay = 7.25> <FuncUnit> <Opcode : 'fadd' 'fsub'> <InPorts = 2> <OutPorts = 1>

State 24 <SV = 18> <Delay = 7.25>
ST_24 : Operation 162 [3/5] (7.25ns)   --->   "%tmp_2_i = fadd float %tmp_1_i, 1.000000e+00" [spam-filter/src/sw/sgd_sw.cpp:42->spam-filter/src/sw/sgd_sw.cpp:115]   --->   Operation 162 'fadd' 'tmp_2_i' <Predicate = true> <Delay = 7.25> <Core = "FAddSub">   --->   Core 105 'FAddSub' <Latency = 4> <II = 1> <Delay = 7.25> <FuncUnit> <Opcode : 'fadd' 'fsub'> <InPorts = 2> <OutPorts = 1>

State 25 <SV = 19> <Delay = 7.25>
ST_25 : Operation 163 [2/5] (7.25ns)   --->   "%tmp_2_i = fadd float %tmp_1_i, 1.000000e+00" [spam-filter/src/sw/sgd_sw.cpp:42->spam-filter/src/sw/sgd_sw.cpp:115]   --->   Operation 163 'fadd' 'tmp_2_i' <Predicate = true> <Delay = 7.25> <Core = "FAddSub">   --->   Core 105 'FAddSub' <Latency = 4> <II = 1> <Delay = 7.25> <FuncUnit> <Opcode : 'fadd' 'fsub'> <InPorts = 2> <OutPorts = 1>

State 26 <SV = 20> <Delay = 7.25>
ST_26 : Operation 164 [1/5] (7.25ns)   --->   "%tmp_2_i = fadd float %tmp_1_i, 1.000000e+00" [spam-filter/src/sw/sgd_sw.cpp:42->spam-filter/src/sw/sgd_sw.cpp:115]   --->   Operation 164 'fadd' 'tmp_2_i' <Predicate = true> <Delay = 7.25> <Core = "FAddSub">   --->   Core 105 'FAddSub' <Latency = 4> <II = 1> <Delay = 7.25> <FuncUnit> <Opcode : 'fadd' 'fsub'> <InPorts = 2> <OutPorts = 1>

State 27 <SV = 21> <Delay = 6.07>
ST_27 : Operation 165 [16/16] (6.07ns)   --->   "%v_assign = fdiv float 1.000000e+00, %tmp_2_i" [spam-filter/src/sw/sgd_sw.cpp:42->spam-filter/src/sw/sgd_sw.cpp:115]   --->   Operation 165 'fdiv' 'v_assign' <Predicate = true> <Delay = 6.07> <Core = "FDiv">   --->   Core 107 'FDiv' <Latency = 15> <II = 1> <Delay = 6.07> <FuncUnit> <Opcode : 'fdiv' 'frem'> <InPorts = 2> <OutPorts = 1>

State 28 <SV = 22> <Delay = 6.07>
ST_28 : Operation 166 [15/16] (6.07ns)   --->   "%v_assign = fdiv float 1.000000e+00, %tmp_2_i" [spam-filter/src/sw/sgd_sw.cpp:42->spam-filter/src/sw/sgd_sw.cpp:115]   --->   Operation 166 'fdiv' 'v_assign' <Predicate = true> <Delay = 6.07> <Core = "FDiv">   --->   Core 107 'FDiv' <Latency = 15> <II = 1> <Delay = 6.07> <FuncUnit> <Opcode : 'fdiv' 'frem'> <InPorts = 2> <OutPorts = 1>

State 29 <SV = 23> <Delay = 6.07>
ST_29 : Operation 167 [14/16] (6.07ns)   --->   "%v_assign = fdiv float 1.000000e+00, %tmp_2_i" [spam-filter/src/sw/sgd_sw.cpp:42->spam-filter/src/sw/sgd_sw.cpp:115]   --->   Operation 167 'fdiv' 'v_assign' <Predicate = true> <Delay = 6.07> <Core = "FDiv">   --->   Core 107 'FDiv' <Latency = 15> <II = 1> <Delay = 6.07> <FuncUnit> <Opcode : 'fdiv' 'frem'> <InPorts = 2> <OutPorts = 1>

State 30 <SV = 24> <Delay = 6.07>
ST_30 : Operation 168 [13/16] (6.07ns)   --->   "%v_assign = fdiv float 1.000000e+00, %tmp_2_i" [spam-filter/src/sw/sgd_sw.cpp:42->spam-filter/src/sw/sgd_sw.cpp:115]   --->   Operation 168 'fdiv' 'v_assign' <Predicate = true> <Delay = 6.07> <Core = "FDiv">   --->   Core 107 'FDiv' <Latency = 15> <II = 1> <Delay = 6.07> <FuncUnit> <Opcode : 'fdiv' 'frem'> <InPorts = 2> <OutPorts = 1>

State 31 <SV = 25> <Delay = 6.07>
ST_31 : Operation 169 [12/16] (6.07ns)   --->   "%v_assign = fdiv float 1.000000e+00, %tmp_2_i" [spam-filter/src/sw/sgd_sw.cpp:42->spam-filter/src/sw/sgd_sw.cpp:115]   --->   Operation 169 'fdiv' 'v_assign' <Predicate = true> <Delay = 6.07> <Core = "FDiv">   --->   Core 107 'FDiv' <Latency = 15> <II = 1> <Delay = 6.07> <FuncUnit> <Opcode : 'fdiv' 'frem'> <InPorts = 2> <OutPorts = 1>

State 32 <SV = 26> <Delay = 6.07>
ST_32 : Operation 170 [11/16] (6.07ns)   --->   "%v_assign = fdiv float 1.000000e+00, %tmp_2_i" [spam-filter/src/sw/sgd_sw.cpp:42->spam-filter/src/sw/sgd_sw.cpp:115]   --->   Operation 170 'fdiv' 'v_assign' <Predicate = true> <Delay = 6.07> <Core = "FDiv">   --->   Core 107 'FDiv' <Latency = 15> <II = 1> <Delay = 6.07> <FuncUnit> <Opcode : 'fdiv' 'frem'> <InPorts = 2> <OutPorts = 1>

State 33 <SV = 27> <Delay = 6.07>
ST_33 : Operation 171 [10/16] (6.07ns)   --->   "%v_assign = fdiv float 1.000000e+00, %tmp_2_i" [spam-filter/src/sw/sgd_sw.cpp:42->spam-filter/src/sw/sgd_sw.cpp:115]   --->   Operation 171 'fdiv' 'v_assign' <Predicate = true> <Delay = 6.07> <Core = "FDiv">   --->   Core 107 'FDiv' <Latency = 15> <II = 1> <Delay = 6.07> <FuncUnit> <Opcode : 'fdiv' 'frem'> <InPorts = 2> <OutPorts = 1>

State 34 <SV = 28> <Delay = 6.07>
ST_34 : Operation 172 [9/16] (6.07ns)   --->   "%v_assign = fdiv float 1.000000e+00, %tmp_2_i" [spam-filter/src/sw/sgd_sw.cpp:42->spam-filter/src/sw/sgd_sw.cpp:115]   --->   Operation 172 'fdiv' 'v_assign' <Predicate = true> <Delay = 6.07> <Core = "FDiv">   --->   Core 107 'FDiv' <Latency = 15> <II = 1> <Delay = 6.07> <FuncUnit> <Opcode : 'fdiv' 'frem'> <InPorts = 2> <OutPorts = 1>

State 35 <SV = 29> <Delay = 6.07>
ST_35 : Operation 173 [8/16] (6.07ns)   --->   "%v_assign = fdiv float 1.000000e+00, %tmp_2_i" [spam-filter/src/sw/sgd_sw.cpp:42->spam-filter/src/sw/sgd_sw.cpp:115]   --->   Operation 173 'fdiv' 'v_assign' <Predicate = true> <Delay = 6.07> <Core = "FDiv">   --->   Core 107 'FDiv' <Latency = 15> <II = 1> <Delay = 6.07> <FuncUnit> <Opcode : 'fdiv' 'frem'> <InPorts = 2> <OutPorts = 1>

State 36 <SV = 30> <Delay = 6.07>
ST_36 : Operation 174 [7/16] (6.07ns)   --->   "%v_assign = fdiv float 1.000000e+00, %tmp_2_i" [spam-filter/src/sw/sgd_sw.cpp:42->spam-filter/src/sw/sgd_sw.cpp:115]   --->   Operation 174 'fdiv' 'v_assign' <Predicate = true> <Delay = 6.07> <Core = "FDiv">   --->   Core 107 'FDiv' <Latency = 15> <II = 1> <Delay = 6.07> <FuncUnit> <Opcode : 'fdiv' 'frem'> <InPorts = 2> <OutPorts = 1>

State 37 <SV = 31> <Delay = 6.07>
ST_37 : Operation 175 [6/16] (6.07ns)   --->   "%v_assign = fdiv float 1.000000e+00, %tmp_2_i" [spam-filter/src/sw/sgd_sw.cpp:42->spam-filter/src/sw/sgd_sw.cpp:115]   --->   Operation 175 'fdiv' 'v_assign' <Predicate = true> <Delay = 6.07> <Core = "FDiv">   --->   Core 107 'FDiv' <Latency = 15> <II = 1> <Delay = 6.07> <FuncUnit> <Opcode : 'fdiv' 'frem'> <InPorts = 2> <OutPorts = 1>

State 38 <SV = 32> <Delay = 6.07>
ST_38 : Operation 176 [5/16] (6.07ns)   --->   "%v_assign = fdiv float 1.000000e+00, %tmp_2_i" [spam-filter/src/sw/sgd_sw.cpp:42->spam-filter/src/sw/sgd_sw.cpp:115]   --->   Operation 176 'fdiv' 'v_assign' <Predicate = true> <Delay = 6.07> <Core = "FDiv">   --->   Core 107 'FDiv' <Latency = 15> <II = 1> <Delay = 6.07> <FuncUnit> <Opcode : 'fdiv' 'frem'> <InPorts = 2> <OutPorts = 1>

State 39 <SV = 33> <Delay = 6.07>
ST_39 : Operation 177 [4/16] (6.07ns)   --->   "%v_assign = fdiv float 1.000000e+00, %tmp_2_i" [spam-filter/src/sw/sgd_sw.cpp:42->spam-filter/src/sw/sgd_sw.cpp:115]   --->   Operation 177 'fdiv' 'v_assign' <Predicate = true> <Delay = 6.07> <Core = "FDiv">   --->   Core 107 'FDiv' <Latency = 15> <II = 1> <Delay = 6.07> <FuncUnit> <Opcode : 'fdiv' 'frem'> <InPorts = 2> <OutPorts = 1>

State 40 <SV = 34> <Delay = 6.07>
ST_40 : Operation 178 [3/16] (6.07ns)   --->   "%v_assign = fdiv float 1.000000e+00, %tmp_2_i" [spam-filter/src/sw/sgd_sw.cpp:42->spam-filter/src/sw/sgd_sw.cpp:115]   --->   Operation 178 'fdiv' 'v_assign' <Predicate = true> <Delay = 6.07> <Core = "FDiv">   --->   Core 107 'FDiv' <Latency = 15> <II = 1> <Delay = 6.07> <FuncUnit> <Opcode : 'fdiv' 'frem'> <InPorts = 2> <OutPorts = 1>

State 41 <SV = 35> <Delay = 6.07>
ST_41 : Operation 179 [2/16] (6.07ns)   --->   "%v_assign = fdiv float 1.000000e+00, %tmp_2_i" [spam-filter/src/sw/sgd_sw.cpp:42->spam-filter/src/sw/sgd_sw.cpp:115]   --->   Operation 179 'fdiv' 'v_assign' <Predicate = true> <Delay = 6.07> <Core = "FDiv">   --->   Core 107 'FDiv' <Latency = 15> <II = 1> <Delay = 6.07> <FuncUnit> <Opcode : 'fdiv' 'frem'> <InPorts = 2> <OutPorts = 1>

State 42 <SV = 36> <Delay = 6.07>
ST_42 : Operation 180 [1/16] (6.07ns)   --->   "%v_assign = fdiv float 1.000000e+00, %tmp_2_i" [spam-filter/src/sw/sgd_sw.cpp:42->spam-filter/src/sw/sgd_sw.cpp:115]   --->   Operation 180 'fdiv' 'v_assign' <Predicate = true> <Delay = 6.07> <Core = "FDiv">   --->   Core 107 'FDiv' <Latency = 15> <II = 1> <Delay = 6.07> <FuncUnit> <Opcode : 'fdiv' 'frem'> <InPorts = 2> <OutPorts = 1>

State 43 <SV = 37> <Delay = 4.43>
ST_43 : Operation 181 [2/2] (4.43ns)   --->   "%d_assign = fpext float %v_assign to double" [spam-filter/src/sw/sgd_sw.cpp:42->spam-filter/src/sw/sgd_sw.cpp:115]   --->   Operation 181 'fpext' 'd_assign' <Predicate = true> <Delay = 4.43> <Core = "Float2Double">   --->   Core 114 'Float2Double' <Latency = 1> <II = 1> <Delay = 4.43> <FuncUnit> <Opcode : 'fpext'> <InPorts = 1> <OutPorts = 1>

State 44 <SV = 38> <Delay = 8.67>
ST_44 : Operation 182 [1/2] (4.43ns)   --->   "%d_assign = fpext float %v_assign to double" [spam-filter/src/sw/sgd_sw.cpp:42->spam-filter/src/sw/sgd_sw.cpp:115]   --->   Operation 182 'fpext' 'd_assign' <Predicate = true> <Delay = 4.43> <Core = "Float2Double">   --->   Core 114 'Float2Double' <Latency = 1> <II = 1> <Delay = 4.43> <FuncUnit> <Opcode : 'fpext'> <InPorts = 1> <OutPorts = 1>
ST_44 : Operation 183 [1/1] (0.00ns)   --->   "%ireg_V = bitcast double %d_assign to i64" [spam-filter/src/sw/sgd_sw.cpp:42->spam-filter/src/sw/sgd_sw.cpp:115]   --->   Operation 183 'bitcast' 'ireg_V' <Predicate = true> <Delay = 0.00>
ST_44 : Operation 184 [1/1] (0.00ns)   --->   "%trunc_ln556 = trunc i64 %ireg_V to i63" [spam-filter/src/sw/sgd_sw.cpp:42->spam-filter/src/sw/sgd_sw.cpp:115]   --->   Operation 184 'trunc' 'trunc_ln556' <Predicate = true> <Delay = 0.00>
ST_44 : Operation 185 [1/1] (0.00ns)   --->   "%p_Result_11 = call i1 @_ssdm_op_BitSelect.i1.i64.i32(i64 %ireg_V, i32 63)" [spam-filter/src/sw/sgd_sw.cpp:42->spam-filter/src/sw/sgd_sw.cpp:115]   --->   Operation 185 'bitselect' 'p_Result_11' <Predicate = true> <Delay = 0.00>
ST_44 : Operation 186 [1/1] (0.00ns)   --->   "%exp_tmp_V = call i11 @_ssdm_op_PartSelect.i11.i64.i32.i32(i64 %ireg_V, i32 52, i32 62)" [spam-filter/src/sw/sgd_sw.cpp:42->spam-filter/src/sw/sgd_sw.cpp:115]   --->   Operation 186 'partselect' 'exp_tmp_V' <Predicate = true> <Delay = 0.00>
ST_44 : Operation 187 [1/1] (0.00ns)   --->   "%zext_ln461 = zext i11 %exp_tmp_V to i12" [spam-filter/src/sw/sgd_sw.cpp:42->spam-filter/src/sw/sgd_sw.cpp:115]   --->   Operation 187 'zext' 'zext_ln461' <Predicate = true> <Delay = 0.00>
ST_44 : Operation 188 [1/1] (0.00ns)   --->   "%trunc_ln565 = trunc i64 %ireg_V to i52" [spam-filter/src/sw/sgd_sw.cpp:42->spam-filter/src/sw/sgd_sw.cpp:115]   --->   Operation 188 'trunc' 'trunc_ln565' <Predicate = true> <Delay = 0.00>
ST_44 : Operation 189 [1/1] (0.00ns)   --->   "%tmp_5_i = call i53 @_ssdm_op_BitConcatenate.i53.i1.i52(i1 true, i52 %trunc_ln565)" [spam-filter/src/sw/sgd_sw.cpp:42->spam-filter/src/sw/sgd_sw.cpp:115]   --->   Operation 189 'bitconcatenate' 'tmp_5_i' <Predicate = true> <Delay = 0.00>
ST_44 : Operation 190 [1/1] (0.00ns)   --->   "%p_Result_12 = zext i53 %tmp_5_i to i54" [spam-filter/src/sw/sgd_sw.cpp:42->spam-filter/src/sw/sgd_sw.cpp:115]   --->   Operation 190 'zext' 'p_Result_12' <Predicate = true> <Delay = 0.00>
ST_44 : Operation 191 [1/1] (3.23ns)   --->   "%man_V_1 = sub i54 0, %p_Result_12" [spam-filter/src/sw/sgd_sw.cpp:42->spam-filter/src/sw/sgd_sw.cpp:115]   --->   Operation 191 'sub' 'man_V_1' <Predicate = true> <Delay = 3.23> <Core = "AddSub">   --->   Core 14 'AddSub' <Latency = 0> <II = 1> <Delay = 1.67> <FuncUnit> <Opcode : 'add' 'sub'> <InPorts = 2> <OutPorts = 1>
ST_44 : Operation 192 [1/1] (0.94ns)   --->   "%man_V_2 = select i1 %p_Result_11, i54 %man_V_1, i54 %p_Result_12" [spam-filter/src/sw/sgd_sw.cpp:42->spam-filter/src/sw/sgd_sw.cpp:115]   --->   Operation 192 'select' 'man_V_2' <Predicate = true> <Delay = 0.94> <Core = "Sel">   --->   Core 26 'Sel' <Latency = 0> <II = 1> <Delay = 0.69> <FuncUnit> <Opcode : 'select'> <InPorts = 3> <OutPorts = 1>
ST_44 : Operation 193 [1/1] (2.78ns)   --->   "%icmp_ln571 = icmp eq i63 %trunc_ln556, 0" [spam-filter/src/sw/sgd_sw.cpp:42->spam-filter/src/sw/sgd_sw.cpp:115]   --->   Operation 193 'icmp' 'icmp_ln571' <Predicate = true> <Delay = 2.78> <Core = "Cmp">   --->   Core 25 'Cmp' <Latency = 0> <II = 1> <Delay = 1.48> <FuncUnit> <Opcode : 'icmp'> <InPorts = 2> <OutPorts = 1>
ST_44 : Operation 194 [1/1] (1.54ns)   --->   "%F2 = sub i12 1075, %zext_ln461" [spam-filter/src/sw/sgd_sw.cpp:42->spam-filter/src/sw/sgd_sw.cpp:115]   --->   Operation 194 'sub' 'F2' <Predicate = true> <Delay = 1.54> <Core = "AddSub">   --->   Core 14 'AddSub' <Latency = 0> <II = 1> <Delay = 1.67> <FuncUnit> <Opcode : 'add' 'sub'> <InPorts = 2> <OutPorts = 1>
ST_44 : Operation 195 [1/1] (1.99ns)   --->   "%icmp_ln581 = icmp sgt i12 %F2, 19" [spam-filter/src/sw/sgd_sw.cpp:42->spam-filter/src/sw/sgd_sw.cpp:115]   --->   Operation 195 'icmp' 'icmp_ln581' <Predicate = true> <Delay = 1.99> <Core = "Cmp">   --->   Core 25 'Cmp' <Latency = 0> <II = 1> <Delay = 1.48> <FuncUnit> <Opcode : 'icmp'> <InPorts = 2> <OutPorts = 1>
ST_44 : Operation 196 [1/1] (1.54ns)   --->   "%add_ln581 = add i12 -19, %F2" [spam-filter/src/sw/sgd_sw.cpp:42->spam-filter/src/sw/sgd_sw.cpp:115]   --->   Operation 196 'add' 'add_ln581' <Predicate = true> <Delay = 1.54> <Core = "AddSub">   --->   Core 14 'AddSub' <Latency = 0> <II = 1> <Delay = 1.67> <FuncUnit> <Opcode : 'add' 'sub'> <InPorts = 2> <OutPorts = 1>
ST_44 : Operation 197 [1/1] (1.54ns)   --->   "%sub_ln581 = sub i12 19, %F2" [spam-filter/src/sw/sgd_sw.cpp:42->spam-filter/src/sw/sgd_sw.cpp:115]   --->   Operation 197 'sub' 'sub_ln581' <Predicate = true> <Delay = 1.54> <Core = "AddSub">   --->   Core 14 'AddSub' <Latency = 0> <II = 1> <Delay = 1.67> <FuncUnit> <Opcode : 'add' 'sub'> <InPorts = 2> <OutPorts = 1>
ST_44 : Operation 198 [1/1] (0.69ns)   --->   "%sh_amt = select i1 %icmp_ln581, i12 %add_ln581, i12 %sub_ln581" [spam-filter/src/sw/sgd_sw.cpp:42->spam-filter/src/sw/sgd_sw.cpp:115]   --->   Operation 198 'select' 'sh_amt' <Predicate = true> <Delay = 0.69> <Core = "Sel">   --->   Core 26 'Sel' <Latency = 0> <II = 1> <Delay = 0.69> <FuncUnit> <Opcode : 'select'> <InPorts = 3> <OutPorts = 1>
ST_44 : Operation 199 [1/1] (1.99ns)   --->   "%icmp_ln582 = icmp eq i12 %F2, 19" [spam-filter/src/sw/sgd_sw.cpp:42->spam-filter/src/sw/sgd_sw.cpp:115]   --->   Operation 199 'icmp' 'icmp_ln582' <Predicate = true> <Delay = 1.99> <Core = "Cmp">   --->   Core 25 'Cmp' <Latency = 0> <II = 1> <Delay = 1.48> <FuncUnit> <Opcode : 'icmp'> <InPorts = 2> <OutPorts = 1>
ST_44 : Operation 200 [1/1] (0.00ns)   --->   "%trunc_ln583 = trunc i54 %man_V_2 to i32" [spam-filter/src/sw/sgd_sw.cpp:42->spam-filter/src/sw/sgd_sw.cpp:115]   --->   Operation 200 'trunc' 'trunc_ln583' <Predicate = true> <Delay = 0.00>
ST_44 : Operation 201 [1/1] (0.00ns)   --->   "%tmp_4 = call i7 @_ssdm_op_PartSelect.i7.i12.i32.i32(i12 %sh_amt, i32 5, i32 11)" [spam-filter/src/sw/sgd_sw.cpp:42->spam-filter/src/sw/sgd_sw.cpp:115]   --->   Operation 201 'partselect' 'tmp_4' <Predicate = true> <Delay = 0.00>

State 45 <SV = 39> <Delay = 7.07>
ST_45 : Operation 202 [1/1] (0.00ns)   --->   "%sext_ln581 = sext i12 %sh_amt to i32" [spam-filter/src/sw/sgd_sw.cpp:42->spam-filter/src/sw/sgd_sw.cpp:115]   --->   Operation 202 'sext' 'sext_ln581' <Predicate = true> <Delay = 0.00>
ST_45 : Operation 203 [1/1] (1.99ns)   --->   "%icmp_ln585 = icmp ult i12 %sh_amt, 54" [spam-filter/src/sw/sgd_sw.cpp:42->spam-filter/src/sw/sgd_sw.cpp:115]   --->   Operation 203 'icmp' 'icmp_ln585' <Predicate = true> <Delay = 1.99> <Core = "Cmp">   --->   Core 25 'Cmp' <Latency = 0> <II = 1> <Delay = 1.48> <FuncUnit> <Opcode : 'icmp'> <InPorts = 2> <OutPorts = 1>
ST_45 : Operation 204 [1/1] (1.48ns)   --->   "%icmp_ln603 = icmp eq i7 %tmp_4, 0" [spam-filter/src/sw/sgd_sw.cpp:42->spam-filter/src/sw/sgd_sw.cpp:115]   --->   Operation 204 'icmp' 'icmp_ln603' <Predicate = true> <Delay = 1.48> <Core = "Cmp">   --->   Core 25 'Cmp' <Latency = 0> <II = 1> <Delay = 1.48> <FuncUnit> <Opcode : 'icmp'> <InPorts = 2> <OutPorts = 1>
ST_45 : Operation 205 [1/1] (0.00ns) (grouped into LUT with out node select_ln603)   --->   "%zext_ln586 = zext i32 %sext_ln581 to i54" [spam-filter/src/sw/sgd_sw.cpp:42->spam-filter/src/sw/sgd_sw.cpp:115]   --->   Operation 205 'zext' 'zext_ln586' <Predicate = true> <Delay = 0.00>
ST_45 : Operation 206 [1/1] (0.00ns) (grouped into LUT with out node select_ln603)   --->   "%ashr_ln586 = ashr i54 %man_V_2, %zext_ln586" [spam-filter/src/sw/sgd_sw.cpp:42->spam-filter/src/sw/sgd_sw.cpp:115]   --->   Operation 206 'ashr' 'ashr_ln586' <Predicate = true> <Delay = 0.00> <Core = "Shift">   --->   Core 28 'Shift' <Latency = 0> <II = 1> <Delay = 4.42> <FuncUnit> <Opcode : 'shl' 'lshr' 'ashr'> <InPorts = 2> <OutPorts = 1>
ST_45 : Operation 207 [1/1] (0.00ns) (grouped into LUT with out node select_ln603)   --->   "%trunc_ln586 = trunc i54 %ashr_ln586 to i32" [spam-filter/src/sw/sgd_sw.cpp:42->spam-filter/src/sw/sgd_sw.cpp:115]   --->   Operation 207 'trunc' 'trunc_ln586' <Predicate = true> <Delay = 0.00>
ST_45 : Operation 208 [1/1] (0.00ns) (grouped into LUT with out node select_ln603_1)   --->   "%bitcast_ln696 = bitcast float %v_assign to i32" [spam-filter/src/sw/sgd_sw.cpp:42->spam-filter/src/sw/sgd_sw.cpp:115]   --->   Operation 208 'bitcast' 'bitcast_ln696' <Predicate = true> <Delay = 0.00>
ST_45 : Operation 209 [1/1] (0.00ns) (grouped into LUT with out node select_ln603_1)   --->   "%tmp_5 = call i1 @_ssdm_op_BitSelect.i1.i32.i32(i32 %bitcast_ln696, i32 31)" [spam-filter/src/sw/sgd_sw.cpp:42->spam-filter/src/sw/sgd_sw.cpp:115]   --->   Operation 209 'bitselect' 'tmp_5' <Predicate = true> <Delay = 0.00>
ST_45 : Operation 210 [1/1] (0.00ns) (grouped into LUT with out node select_ln603_1)   --->   "%select_ln588 = select i1 %tmp_5, i32 -1, i32 0" [spam-filter/src/sw/sgd_sw.cpp:42->spam-filter/src/sw/sgd_sw.cpp:115]   --->   Operation 210 'select' 'select_ln588' <Predicate = true> <Delay = 0.00> <Core = "Sel">   --->   Core 26 'Sel' <Latency = 0> <II = 1> <Delay = 0.69> <FuncUnit> <Opcode : 'select'> <InPorts = 3> <OutPorts = 1>
ST_45 : Operation 211 [1/1] (0.00ns) (grouped into LUT with out node select_ln603)   --->   "%shl_ln604 = shl i32 %trunc_ln583, %sext_ln581" [spam-filter/src/sw/sgd_sw.cpp:42->spam-filter/src/sw/sgd_sw.cpp:115]   --->   Operation 211 'shl' 'shl_ln604' <Predicate = true> <Delay = 0.00> <Core = "Shift">   --->   Core 28 'Shift' <Latency = 0> <II = 1> <Delay = 4.42> <FuncUnit> <Opcode : 'shl' 'lshr' 'ashr'> <InPorts = 2> <OutPorts = 1>
ST_45 : Operation 212 [1/1] (0.00ns) (grouped into LUT with out node or_ln603_2)   --->   "%xor_ln571 = xor i1 %icmp_ln571, true" [spam-filter/src/sw/sgd_sw.cpp:42->spam-filter/src/sw/sgd_sw.cpp:115]   --->   Operation 212 'xor' 'xor_ln571' <Predicate = true> <Delay = 0.00> <Core = "LogicGate">   --->   Core 27 'LogicGate' <Latency = 0> <II = 1> <Delay = 0.97> <FuncUnit> <Opcode : 'and' 'or' 'xor'> <InPorts = 2> <OutPorts = 1>
ST_45 : Operation 213 [1/1] (0.00ns) (grouped into LUT with out node or_ln603_2)   --->   "%and_ln582 = and i1 %icmp_ln582, %xor_ln571" [spam-filter/src/sw/sgd_sw.cpp:42->spam-filter/src/sw/sgd_sw.cpp:115]   --->   Operation 213 'and' 'and_ln582' <Predicate = true> <Delay = 0.00> <Core = "LogicGate">   --->   Core 27 'LogicGate' <Latency = 0> <II = 1> <Delay = 0.97> <FuncUnit> <Opcode : 'and' 'or' 'xor'> <InPorts = 2> <OutPorts = 1>
ST_45 : Operation 214 [1/1] (0.97ns)   --->   "%or_ln582 = or i1 %icmp_ln571, %icmp_ln582" [spam-filter/src/sw/sgd_sw.cpp:42->spam-filter/src/sw/sgd_sw.cpp:115]   --->   Operation 214 'or' 'or_ln582' <Predicate = true> <Delay = 0.97> <Core = "LogicGate">   --->   Core 27 'LogicGate' <Latency = 0> <II = 1> <Delay = 0.97> <FuncUnit> <Opcode : 'and' 'or' 'xor'> <InPorts = 2> <OutPorts = 1>
ST_45 : Operation 215 [1/1] (0.00ns) (grouped into LUT with out node and_ln581)   --->   "%xor_ln582 = xor i1 %or_ln582, true" [spam-filter/src/sw/sgd_sw.cpp:42->spam-filter/src/sw/sgd_sw.cpp:115]   --->   Operation 215 'xor' 'xor_ln582' <Predicate = true> <Delay = 0.00> <Core = "LogicGate">   --->   Core 27 'LogicGate' <Latency = 0> <II = 1> <Delay = 0.97> <FuncUnit> <Opcode : 'and' 'or' 'xor'> <InPorts = 2> <OutPorts = 1>
ST_45 : Operation 216 [1/1] (0.97ns) (out node of the LUT)   --->   "%and_ln581 = and i1 %icmp_ln581, %xor_ln582" [spam-filter/src/sw/sgd_sw.cpp:42->spam-filter/src/sw/sgd_sw.cpp:115]   --->   Operation 216 'and' 'and_ln581' <Predicate = true> <Delay = 0.97> <Core = "LogicGate">   --->   Core 27 'LogicGate' <Latency = 0> <II = 1> <Delay = 0.97> <FuncUnit> <Opcode : 'and' 'or' 'xor'> <InPorts = 2> <OutPorts = 1>
ST_45 : Operation 217 [1/1] (0.00ns) (grouped into LUT with out node and_ln585)   --->   "%xor_ln585 = xor i1 %icmp_ln585, true" [spam-filter/src/sw/sgd_sw.cpp:42->spam-filter/src/sw/sgd_sw.cpp:115]   --->   Operation 217 'xor' 'xor_ln585' <Predicate = true> <Delay = 0.00> <Core = "LogicGate">   --->   Core 27 'LogicGate' <Latency = 0> <II = 1> <Delay = 0.97> <FuncUnit> <Opcode : 'and' 'or' 'xor'> <InPorts = 2> <OutPorts = 1>
ST_45 : Operation 218 [1/1] (0.97ns) (out node of the LUT)   --->   "%and_ln585 = and i1 %and_ln581, %xor_ln585" [spam-filter/src/sw/sgd_sw.cpp:42->spam-filter/src/sw/sgd_sw.cpp:115]   --->   Operation 218 'and' 'and_ln585' <Predicate = true> <Delay = 0.97> <Core = "LogicGate">   --->   Core 27 'LogicGate' <Latency = 0> <II = 1> <Delay = 0.97> <FuncUnit> <Opcode : 'and' 'or' 'xor'> <InPorts = 2> <OutPorts = 1>
ST_45 : Operation 219 [1/1] (0.00ns) (grouped into LUT with out node or_ln603)   --->   "%and_ln585_1 = and i1 %and_ln581, %icmp_ln585" [spam-filter/src/sw/sgd_sw.cpp:42->spam-filter/src/sw/sgd_sw.cpp:115]   --->   Operation 219 'and' 'and_ln585_1' <Predicate = true> <Delay = 0.00> <Core = "LogicGate">   --->   Core 27 'LogicGate' <Latency = 0> <II = 1> <Delay = 0.97> <FuncUnit> <Opcode : 'and' 'or' 'xor'> <InPorts = 2> <OutPorts = 1>
ST_45 : Operation 220 [1/1] (0.00ns) (grouped into LUT with out node and_ln603)   --->   "%or_ln581 = or i1 %or_ln582, %icmp_ln581" [spam-filter/src/sw/sgd_sw.cpp:42->spam-filter/src/sw/sgd_sw.cpp:115]   --->   Operation 220 'or' 'or_ln581' <Predicate = true> <Delay = 0.00> <Core = "LogicGate">   --->   Core 27 'LogicGate' <Latency = 0> <II = 1> <Delay = 0.97> <FuncUnit> <Opcode : 'and' 'or' 'xor'> <InPorts = 2> <OutPorts = 1>
ST_45 : Operation 221 [1/1] (0.00ns) (grouped into LUT with out node and_ln603)   --->   "%xor_ln581 = xor i1 %or_ln581, true" [spam-filter/src/sw/sgd_sw.cpp:42->spam-filter/src/sw/sgd_sw.cpp:115]   --->   Operation 221 'xor' 'xor_ln581' <Predicate = true> <Delay = 0.00> <Core = "LogicGate">   --->   Core 27 'LogicGate' <Latency = 0> <II = 1> <Delay = 0.97> <FuncUnit> <Opcode : 'and' 'or' 'xor'> <InPorts = 2> <OutPorts = 1>
ST_45 : Operation 222 [1/1] (0.97ns) (out node of the LUT)   --->   "%and_ln603 = and i1 %icmp_ln603, %xor_ln581" [spam-filter/src/sw/sgd_sw.cpp:42->spam-filter/src/sw/sgd_sw.cpp:115]   --->   Operation 222 'and' 'and_ln603' <Predicate = true> <Delay = 0.97> <Core = "LogicGate">   --->   Core 27 'LogicGate' <Latency = 0> <II = 1> <Delay = 0.97> <FuncUnit> <Opcode : 'and' 'or' 'xor'> <InPorts = 2> <OutPorts = 1>
ST_45 : Operation 223 [1/1] (4.61ns) (out node of the LUT)   --->   "%select_ln603 = select i1 %and_ln603, i32 %shl_ln604, i32 %trunc_ln586" [spam-filter/src/sw/sgd_sw.cpp:42->spam-filter/src/sw/sgd_sw.cpp:115]   --->   Operation 223 'select' 'select_ln603' <Predicate = true> <Delay = 4.61> <Core = "Sel">   --->   Core 26 'Sel' <Latency = 0> <II = 1> <Delay = 0.69> <FuncUnit> <Opcode : 'select'> <InPorts = 3> <OutPorts = 1>
ST_45 : Operation 224 [1/1] (0.97ns) (out node of the LUT)   --->   "%or_ln603 = or i1 %and_ln603, %and_ln585_1" [spam-filter/src/sw/sgd_sw.cpp:42->spam-filter/src/sw/sgd_sw.cpp:115]   --->   Operation 224 'or' 'or_ln603' <Predicate = true> <Delay = 0.97> <Core = "LogicGate">   --->   Core 27 'LogicGate' <Latency = 0> <II = 1> <Delay = 0.97> <FuncUnit> <Opcode : 'and' 'or' 'xor'> <InPorts = 2> <OutPorts = 1>
ST_45 : Operation 225 [1/1] (0.99ns) (out node of the LUT)   --->   "%select_ln603_1 = select i1 %and_ln585, i32 %select_ln588, i32 %trunc_ln583" [spam-filter/src/sw/sgd_sw.cpp:42->spam-filter/src/sw/sgd_sw.cpp:115]   --->   Operation 225 'select' 'select_ln603_1' <Predicate = true> <Delay = 0.99> <Core = "Sel">   --->   Core 26 'Sel' <Latency = 0> <II = 1> <Delay = 0.69> <FuncUnit> <Opcode : 'select'> <InPorts = 3> <OutPorts = 1>
ST_45 : Operation 226 [1/1] (0.00ns) (grouped into LUT with out node or_ln603_2)   --->   "%or_ln603_1 = or i1 %and_ln585, %and_ln582" [spam-filter/src/sw/sgd_sw.cpp:42->spam-filter/src/sw/sgd_sw.cpp:115]   --->   Operation 226 'or' 'or_ln603_1' <Predicate = true> <Delay = 0.00> <Core = "LogicGate">   --->   Core 27 'LogicGate' <Latency = 0> <II = 1> <Delay = 0.97> <FuncUnit> <Opcode : 'and' 'or' 'xor'> <InPorts = 2> <OutPorts = 1>
ST_45 : Operation 227 [1/1] (0.97ns) (out node of the LUT)   --->   "%or_ln603_2 = or i1 %or_ln603, %or_ln603_1" [spam-filter/src/sw/sgd_sw.cpp:42->spam-filter/src/sw/sgd_sw.cpp:115]   --->   Operation 227 'or' 'or_ln603_2' <Predicate = true> <Delay = 0.97> <Core = "LogicGate">   --->   Core 27 'LogicGate' <Latency = 0> <II = 1> <Delay = 0.97> <FuncUnit> <Opcode : 'and' 'or' 'xor'> <InPorts = 2> <OutPorts = 1>
ST_45 : Operation 228 [1/1] (0.00ns)   --->   "%zext_ln117 = zext i13 %select_ln110 to i64" [spam-filter/src/sw/sgd_sw.cpp:117]   --->   Operation 228 'zext' 'zext_ln117' <Predicate = true> <Delay = 0.00>
ST_45 : Operation 229 [1/1] (0.00ns)   --->   "%label_V_addr = getelementptr [4500 x i8]* %label_V, i64 0, i64 %zext_ln117" [spam-filter/src/sw/sgd_sw.cpp:117]   --->   Operation 229 'getelementptr' 'label_V_addr' <Predicate = true> <Delay = 0.00>
ST_45 : Operation 230 [2/2] (3.25ns)   --->   "%tmp_V_1 = load i8* %label_V_addr, align 1" [spam-filter/src/sw/sgd_sw.cpp:117]   --->   Operation 230 'load' 'tmp_V_1' <Predicate = true> <Delay = 3.25> <Core = "RAM">   --->   Core 37 'RAM' <Latency = 1> <II = 1> <Delay = 3.25> <Storage> <Opcode : 'load' 'store'> <Ports = 2> <Width = 8> <Depth = 4500> <RAM>

State 46 <SV = 40> <Delay = 5.80>
ST_46 : Operation 231 [1/1] (0.00ns) (grouped into LUT with out node sub_ln703)   --->   "%select_ln603_2 = select i1 %or_ln603, i32 %select_ln603, i32 %select_ln603_1" [spam-filter/src/sw/sgd_sw.cpp:42->spam-filter/src/sw/sgd_sw.cpp:115]   --->   Operation 231 'select' 'select_ln603_2' <Predicate = (or_ln603_2)> <Delay = 0.00> <Core = "Sel">   --->   Core 26 'Sel' <Latency = 0> <II = 1> <Delay = 0.69> <FuncUnit> <Opcode : 'select'> <InPorts = 3> <OutPorts = 1>
ST_46 : Operation 232 [1/1] (0.00ns) (grouped into LUT with out node sub_ln703)   --->   "%prob_V = select i1 %or_ln603_2, i32 %select_ln603_2, i32 0" [spam-filter/src/sw/sgd_sw.cpp:42->spam-filter/src/sw/sgd_sw.cpp:115]   --->   Operation 232 'select' 'prob_V' <Predicate = true> <Delay = 0.00> <Core = "Sel">   --->   Core 26 'Sel' <Latency = 0> <II = 1> <Delay = 0.69> <FuncUnit> <Opcode : 'select'> <InPorts = 3> <OutPorts = 1>
ST_46 : Operation 233 [1/2] (3.25ns)   --->   "%tmp_V_1 = load i8* %label_V_addr, align 1" [spam-filter/src/sw/sgd_sw.cpp:117]   --->   Operation 233 'load' 'tmp_V_1' <Predicate = true> <Delay = 3.25> <Core = "RAM">   --->   Core 37 'RAM' <Latency = 1> <II = 1> <Delay = 3.25> <Storage> <Opcode : 'load' 'store'> <Ports = 2> <Width = 8> <Depth = 4500> <RAM>
ST_46 : Operation 234 [1/1] (0.00ns) (grouped into LUT with out node sub_ln703)   --->   "%shl_ln1 = call i27 @_ssdm_op_BitConcatenate.i27.i8.i19(i8 %tmp_V_1, i19 0)" [spam-filter/src/sw/sgd_sw.cpp:117]   --->   Operation 234 'bitconcatenate' 'shl_ln1' <Predicate = true> <Delay = 0.00>
ST_46 : Operation 235 [1/1] (0.00ns) (grouped into LUT with out node sub_ln703)   --->   "%zext_ln1193 = zext i27 %shl_ln1 to i32" [spam-filter/src/sw/sgd_sw.cpp:117]   --->   Operation 235 'zext' 'zext_ln1193' <Predicate = true> <Delay = 0.00>
ST_46 : Operation 236 [1/1] (2.55ns) (out node of the LUT)   --->   "%sub_ln703 = sub i32 %prob_V, %zext_ln1193" [spam-filter/src/sw/sgd_sw.cpp:117]   --->   Operation 236 'sub' 'sub_ln703' <Predicate = true> <Delay = 2.55> <Core = "AddSub">   --->   Core 14 'AddSub' <Latency = 0> <II = 1> <Delay = 1.67> <FuncUnit> <Opcode : 'add' 'sub'> <InPorts = 2> <OutPorts = 1>
ST_46 : Operation 237 [1/1] (0.00ns)   --->   "%sext_ln52 = sext i32 %sub_ln703 to i44" [spam-filter/src/sw/sgd_sw.cpp:52->spam-filter/src/sw/sgd_sw.cpp:117]   --->   Operation 237 'sext' 'sext_ln52' <Predicate = true> <Delay = 0.00>
ST_46 : Operation 238 [1/1] (1.76ns)   --->   "br label %2" [spam-filter/src/sw/sgd_sw.cpp:52->spam-filter/src/sw/sgd_sw.cpp:117]   --->   Operation 238 'br' <Predicate = true> <Delay = 1.76>

State 47 <SV = 41> <Delay = 5.53>
ST_47 : Operation 239 [1/1] (0.00ns)   --->   "%i_0_i9 = phi i11 [ 0, %dotProduct.exit ], [ %i_1, %GRAD ]"   --->   Operation 239 'phi' 'i_0_i9' <Predicate = true> <Delay = 0.00>
ST_47 : Operation 240 [1/1] (1.88ns)   --->   "%icmp_ln52 = icmp eq i11 %i_0_i9, -1024" [spam-filter/src/sw/sgd_sw.cpp:52->spam-filter/src/sw/sgd_sw.cpp:117]   --->   Operation 240 'icmp' 'icmp_ln52' <Predicate = true> <Delay = 1.88> <Core = "Cmp">   --->   Core 25 'Cmp' <Latency = 0> <II = 1> <Delay = 1.48> <FuncUnit> <Opcode : 'icmp'> <InPorts = 2> <OutPorts = 1>
ST_47 : Operation 241 [1/1] (0.00ns)   --->   "%empty_61 = call i32 (...)* @_ssdm_op_SpecLoopTripCount(i64 1024, i64 1024, i64 1024)"   --->   Operation 241 'speclooptripcount' 'empty_61' <Predicate = true> <Delay = 0.00>
ST_47 : Operation 242 [1/1] (1.63ns)   --->   "%i_1 = add i11 %i_0_i9, 1" [spam-filter/src/sw/sgd_sw.cpp:52->spam-filter/src/sw/sgd_sw.cpp:117]   --->   Operation 242 'add' 'i_1' <Predicate = true> <Delay = 1.63> <Core = "AddSub">   --->   Core 14 'AddSub' <Latency = 0> <II = 1> <Delay = 1.67> <FuncUnit> <Opcode : 'add' 'sub'> <InPorts = 2> <OutPorts = 1>
ST_47 : Operation 243 [1/1] (0.00ns)   --->   "br i1 %icmp_ln52, label %computeGradient.exit.preheader, label %GRAD" [spam-filter/src/sw/sgd_sw.cpp:52->spam-filter/src/sw/sgd_sw.cpp:117]   --->   Operation 243 'br' <Predicate = true> <Delay = 0.00>
ST_47 : Operation 244 [1/1] (0.00ns)   --->   "%zext_ln1116_1 = zext i11 %i_0_i9 to i23" [spam-filter/src/sw/sgd_sw.cpp:57->spam-filter/src/sw/sgd_sw.cpp:117]   --->   Operation 244 'zext' 'zext_ln1116_1' <Predicate = (!icmp_ln52)> <Delay = 0.00>
ST_47 : Operation 245 [1/1] (2.28ns)   --->   "%add_ln1117_1 = add i23 %zext_ln1116_1, %shl_ln" [spam-filter/src/sw/sgd_sw.cpp:57->spam-filter/src/sw/sgd_sw.cpp:117]   --->   Operation 245 'add' 'add_ln1117_1' <Predicate = (!icmp_ln52)> <Delay = 2.28> <Core = "AddSub">   --->   Core 14 'AddSub' <Latency = 0> <II = 1> <Delay = 1.67> <FuncUnit> <Opcode : 'add' 'sub'> <InPorts = 2> <OutPorts = 1>
ST_47 : Operation 246 [1/1] (0.00ns)   --->   "%zext_ln1117_1 = zext i23 %add_ln1117_1 to i64" [spam-filter/src/sw/sgd_sw.cpp:57->spam-filter/src/sw/sgd_sw.cpp:117]   --->   Operation 246 'zext' 'zext_ln1117_1' <Predicate = (!icmp_ln52)> <Delay = 0.00>
ST_47 : Operation 247 [1/1] (0.00ns)   --->   "%data_V_addr_1 = getelementptr [4608000 x i16]* %data_V, i64 0, i64 %zext_ln1117_1" [spam-filter/src/sw/sgd_sw.cpp:57->spam-filter/src/sw/sgd_sw.cpp:117]   --->   Operation 247 'getelementptr' 'data_V_addr_1' <Predicate = (!icmp_ln52)> <Delay = 0.00>
ST_47 : Operation 248 [4/4] (3.25ns)   --->   "%data_V_load_1 = load i16* %data_V_addr_1, align 2" [spam-filter/src/sw/sgd_sw.cpp:57->spam-filter/src/sw/sgd_sw.cpp:117]   --->   Operation 248 'load' 'data_V_load_1' <Predicate = (!icmp_ln52)> <Delay = 3.25> <Core = "RAM">   --->   Core 37 'RAM' <Latency = 1> <II = 1> <Delay = 3.25> <Storage> <Opcode : 'load' 'store'> <Ports = 2> <Width = 8> <Depth = 4500> <RAM>

State 48 <SV = 42> <Delay = 3.25>
ST_48 : Operation 249 [3/4] (3.25ns)   --->   "%data_V_load_1 = load i16* %data_V_addr_1, align 2" [spam-filter/src/sw/sgd_sw.cpp:57->spam-filter/src/sw/sgd_sw.cpp:117]   --->   Operation 249 'load' 'data_V_load_1' <Predicate = (!icmp_ln52)> <Delay = 3.25> <Core = "RAM">   --->   Core 37 'RAM' <Latency = 1> <II = 1> <Delay = 3.25> <Storage> <Opcode : 'load' 'store'> <Ports = 2> <Width = 8> <Depth = 4500> <RAM>

State 49 <SV = 43> <Delay = 3.25>
ST_49 : Operation 250 [2/4] (3.25ns)   --->   "%data_V_load_1 = load i16* %data_V_addr_1, align 2" [spam-filter/src/sw/sgd_sw.cpp:57->spam-filter/src/sw/sgd_sw.cpp:117]   --->   Operation 250 'load' 'data_V_load_1' <Predicate = (!icmp_ln52)> <Delay = 3.25> <Core = "RAM">   --->   Core 37 'RAM' <Latency = 1> <II = 1> <Delay = 3.25> <Storage> <Opcode : 'load' 'store'> <Ports = 2> <Width = 8> <Depth = 4500> <RAM>

State 50 <SV = 44> <Delay = 3.25>
ST_50 : Operation 251 [1/4] (3.25ns)   --->   "%data_V_load_1 = load i16* %data_V_addr_1, align 2" [spam-filter/src/sw/sgd_sw.cpp:57->spam-filter/src/sw/sgd_sw.cpp:117]   --->   Operation 251 'load' 'data_V_load_1' <Predicate = (!icmp_ln52)> <Delay = 3.25> <Core = "RAM">   --->   Core 37 'RAM' <Latency = 1> <II = 1> <Delay = 3.25> <Storage> <Opcode : 'load' 'store'> <Ports = 2> <Width = 8> <Depth = 4500> <RAM>

State 51 <SV = 45> <Delay = 8.51>
ST_51 : Operation 252 [1/1] (0.00ns)   --->   "%sext_ln1118 = sext i16 %data_V_load_1 to i44" [spam-filter/src/sw/sgd_sw.cpp:57->spam-filter/src/sw/sgd_sw.cpp:117]   --->   Operation 252 'sext' 'sext_ln1118' <Predicate = (!icmp_ln52)> <Delay = 0.00>
ST_51 : Operation 253 [1/1] (8.51ns)   --->   "%r_V = mul i44 %sext_ln52, %sext_ln1118" [spam-filter/src/sw/sgd_sw.cpp:57->spam-filter/src/sw/sgd_sw.cpp:117]   --->   Operation 253 'mul' 'r_V' <Predicate = (!icmp_ln52)> <Delay = 8.51> <Core = "Mul">   --->   Core 16 'Mul' <Latency = 0> <II = 1> <Delay = 8.51> <FuncUnit> <Opcode : 'mul'> <InPorts = 2> <OutPorts = 1>
ST_51 : Operation 254 [1/1] (0.00ns)   --->   "%trunc_ln7 = call i32 @_ssdm_op_PartSelect.i32.i44.i32.i32(i44 %r_V, i32 12, i32 43)" [spam-filter/src/sw/sgd_sw.cpp:57->spam-filter/src/sw/sgd_sw.cpp:117]   --->   Operation 254 'partselect' 'trunc_ln7' <Predicate = (!icmp_ln52)> <Delay = 0.00>

State 52 <SV = 46> <Delay = 3.25>
ST_52 : Operation 255 [1/1] (0.00ns)   --->   "call void (...)* @_ssdm_op_SpecLoopName([5 x i8]* @p_str2) nounwind" [spam-filter/src/sw/sgd_sw.cpp:53->spam-filter/src/sw/sgd_sw.cpp:117]   --->   Operation 255 'specloopname' <Predicate = (!icmp_ln52)> <Delay = 0.00>
ST_52 : Operation 256 [1/1] (0.00ns)   --->   "%tmp_i1 = call i32 (...)* @_ssdm_op_SpecRegionBegin([5 x i8]* @p_str2)" [spam-filter/src/sw/sgd_sw.cpp:53->spam-filter/src/sw/sgd_sw.cpp:117]   --->   Operation 256 'specregionbegin' 'tmp_i1' <Predicate = (!icmp_ln52)> <Delay = 0.00>
ST_52 : Operation 257 [1/1] (0.00ns)   --->   "call void (...)* @_ssdm_op_SpecPipeline(i32 1, i32 1, i32 1, i32 0, [1 x i8]* @p_str1) nounwind" [spam-filter/src/sw/sgd_sw.cpp:54->spam-filter/src/sw/sgd_sw.cpp:117]   --->   Operation 257 'specpipeline' <Predicate = (!icmp_ln52)> <Delay = 0.00>
ST_52 : Operation 258 [1/1] (0.00ns)   --->   "%zext_ln57 = zext i11 %i_0_i9 to i64" [spam-filter/src/sw/sgd_sw.cpp:57->spam-filter/src/sw/sgd_sw.cpp:117]   --->   Operation 258 'zext' 'zext_ln57' <Predicate = (!icmp_ln52)> <Delay = 0.00>
ST_52 : Operation 259 [1/1] (0.00ns)   --->   "%gradient_V_addr = getelementptr [1024 x i32]* %gradient_V, i64 0, i64 %zext_ln57" [spam-filter/src/sw/sgd_sw.cpp:57->spam-filter/src/sw/sgd_sw.cpp:117]   --->   Operation 259 'getelementptr' 'gradient_V_addr' <Predicate = (!icmp_ln52)> <Delay = 0.00>
ST_52 : Operation 260 [1/1] (3.25ns)   --->   "store i32 %trunc_ln7, i32* %gradient_V_addr, align 4" [spam-filter/src/sw/sgd_sw.cpp:57->spam-filter/src/sw/sgd_sw.cpp:117]   --->   Operation 260 'store' <Predicate = (!icmp_ln52)> <Delay = 3.25> <Core = "RAM">   --->   Core 37 'RAM' <Latency = 1> <II = 1> <Delay = 3.25> <Storage> <Opcode : 'load' 'store'> <Ports = 2> <Width = 8> <Depth = 4500> <RAM>
ST_52 : Operation 261 [1/1] (0.00ns)   --->   "%empty_62 = call i32 (...)* @_ssdm_op_SpecRegionEnd([5 x i8]* @p_str2, i32 %tmp_i1)" [spam-filter/src/sw/sgd_sw.cpp:66->spam-filter/src/sw/sgd_sw.cpp:117]   --->   Operation 261 'specregionend' 'empty_62' <Predicate = (!icmp_ln52)> <Delay = 0.00>
ST_52 : Operation 262 [1/1] (0.00ns)   --->   "br label %2" [spam-filter/src/sw/sgd_sw.cpp:52->spam-filter/src/sw/sgd_sw.cpp:117]   --->   Operation 262 'br' <Predicate = (!icmp_ln52)> <Delay = 0.00>

State 53 <SV = 42> <Delay = 1.76>
ST_53 : Operation 263 [1/1] (1.76ns)   --->   "br label %computeGradient.exit" [spam-filter/src/sw/sgd_sw.cpp:77->spam-filter/src/sw/sgd_sw.cpp:119]   --->   Operation 263 'br' <Predicate = true> <Delay = 1.76>

State 54 <SV = 43> <Delay = 3.25>
ST_54 : Operation 264 [1/1] (0.00ns)   --->   "%i_0_i17 = phi i11 [ %i_2, %UPDATE ], [ 0, %computeGradient.exit.preheader ]"   --->   Operation 264 'phi' 'i_0_i17' <Predicate = true> <Delay = 0.00>
ST_54 : Operation 265 [1/1] (1.88ns)   --->   "%icmp_ln77 = icmp eq i11 %i_0_i17, -1024" [spam-filter/src/sw/sgd_sw.cpp:77->spam-filter/src/sw/sgd_sw.cpp:119]   --->   Operation 265 'icmp' 'icmp_ln77' <Predicate = true> <Delay = 1.88> <Core = "Cmp">   --->   Core 25 'Cmp' <Latency = 0> <II = 1> <Delay = 1.48> <FuncUnit> <Opcode : 'icmp'> <InPorts = 2> <OutPorts = 1>
ST_54 : Operation 266 [1/1] (0.00ns)   --->   "%empty_63 = call i32 (...)* @_ssdm_op_SpecLoopTripCount(i64 1024, i64 1024, i64 1024)"   --->   Operation 266 'speclooptripcount' 'empty_63' <Predicate = true> <Delay = 0.00>
ST_54 : Operation 267 [1/1] (1.63ns)   --->   "%i_2 = add i11 %i_0_i17, 1" [spam-filter/src/sw/sgd_sw.cpp:77->spam-filter/src/sw/sgd_sw.cpp:119]   --->   Operation 267 'add' 'i_2' <Predicate = true> <Delay = 1.63> <Core = "AddSub">   --->   Core 14 'AddSub' <Latency = 0> <II = 1> <Delay = 1.67> <FuncUnit> <Opcode : 'add' 'sub'> <InPorts = 2> <OutPorts = 1>
ST_54 : Operation 268 [1/1] (0.00ns)   --->   "br i1 %icmp_ln77, label %updateParameter.exit, label %UPDATE" [spam-filter/src/sw/sgd_sw.cpp:77->spam-filter/src/sw/sgd_sw.cpp:119]   --->   Operation 268 'br' <Predicate = true> <Delay = 0.00>
ST_54 : Operation 269 [1/1] (0.00ns)   --->   "%zext_ln82 = zext i11 %i_0_i17 to i64" [spam-filter/src/sw/sgd_sw.cpp:82->spam-filter/src/sw/sgd_sw.cpp:119]   --->   Operation 269 'zext' 'zext_ln82' <Predicate = (!icmp_ln77)> <Delay = 0.00>
ST_54 : Operation 270 [1/1] (0.00ns)   --->   "%gradient_V_addr_1 = getelementptr [1024 x i32]* %gradient_V, i64 0, i64 %zext_ln82" [spam-filter/src/sw/sgd_sw.cpp:82->spam-filter/src/sw/sgd_sw.cpp:119]   --->   Operation 270 'getelementptr' 'gradient_V_addr_1' <Predicate = (!icmp_ln77)> <Delay = 0.00>
ST_54 : Operation 271 [2/2] (3.25ns)   --->   "%gradient_V_load = load i32* %gradient_V_addr_1, align 4" [spam-filter/src/sw/sgd_sw.cpp:82->spam-filter/src/sw/sgd_sw.cpp:119]   --->   Operation 271 'load' 'gradient_V_load' <Predicate = (!icmp_ln77)> <Delay = 3.25> <Core = "RAM">   --->   Core 37 'RAM' <Latency = 1> <II = 1> <Delay = 3.25> <Storage> <Opcode : 'load' 'store'> <Ports = 2> <Width = 8> <Depth = 4500> <RAM>
ST_54 : Operation 272 [1/1] (0.00ns)   --->   "%theta_V_addr_1 = getelementptr [1024 x i32]* %theta_V, i64 0, i64 %zext_ln82" [spam-filter/src/sw/sgd_sw.cpp:82->spam-filter/src/sw/sgd_sw.cpp:119]   --->   Operation 272 'getelementptr' 'theta_V_addr_1' <Predicate = (!icmp_ln77)> <Delay = 0.00>

State 55 <SV = 44> <Delay = 3.25>
ST_55 : Operation 273 [1/2] (3.25ns)   --->   "%gradient_V_load = load i32* %gradient_V_addr_1, align 4" [spam-filter/src/sw/sgd_sw.cpp:82->spam-filter/src/sw/sgd_sw.cpp:119]   --->   Operation 273 'load' 'gradient_V_load' <Predicate = (!icmp_ln77)> <Delay = 3.25> <Core = "RAM">   --->   Core 37 'RAM' <Latency = 1> <II = 1> <Delay = 3.25> <Storage> <Opcode : 'load' 'store'> <Ports = 2> <Width = 8> <Depth = 4500> <RAM>
ST_55 : Operation 274 [2/2] (3.25ns)   --->   "%p_Val2_8 = load i32* %theta_V_addr_1, align 4" [spam-filter/src/sw/sgd_sw.cpp:82->spam-filter/src/sw/sgd_sw.cpp:119]   --->   Operation 274 'load' 'p_Val2_8' <Predicate = (!icmp_ln77)> <Delay = 3.25> <Core = "RAM">   --->   Core 37 'RAM' <Latency = 1> <II = 1> <Delay = 3.25> <Storage> <Opcode : 'load' 'store'> <Ports = 2> <Width = 8> <Depth = 4500> <RAM>

State 56 <SV = 45> <Delay = 8.51>
ST_56 : Operation 275 [1/1] (0.00ns)   --->   "%sext_ln1192_2 = sext i32 %gradient_V_load to i51" [spam-filter/src/sw/sgd_sw.cpp:82->spam-filter/src/sw/sgd_sw.cpp:119]   --->   Operation 275 'sext' 'sext_ln1192_2' <Predicate = (!icmp_ln77)> <Delay = 0.00>
ST_56 : Operation 276 [1/1] (8.51ns)   --->   "%mul_ln1192_1 = mul i51 %sext_ln1192_2, -1392508928" [spam-filter/src/sw/sgd_sw.cpp:82->spam-filter/src/sw/sgd_sw.cpp:119]   --->   Operation 276 'mul' 'mul_ln1192_1' <Predicate = (!icmp_ln77)> <Delay = 8.51> <Core = "Mul">   --->   Core 16 'Mul' <Latency = 0> <II = 1> <Delay = 8.51> <FuncUnit> <Opcode : 'mul'> <InPorts = 2> <OutPorts = 1>
ST_56 : Operation 277 [1/2] (3.25ns)   --->   "%p_Val2_8 = load i32* %theta_V_addr_1, align 4" [spam-filter/src/sw/sgd_sw.cpp:82->spam-filter/src/sw/sgd_sw.cpp:119]   --->   Operation 277 'load' 'p_Val2_8' <Predicate = (!icmp_ln77)> <Delay = 3.25> <Core = "RAM">   --->   Core 37 'RAM' <Latency = 1> <II = 1> <Delay = 3.25> <Storage> <Opcode : 'load' 'store'> <Ports = 2> <Width = 8> <Depth = 4500> <RAM>

State 57 <SV = 46> <Delay = 6.43>
ST_57 : Operation 278 [1/1] (0.00ns)   --->   "call void (...)* @_ssdm_op_SpecLoopName([7 x i8]* @p_str3) nounwind" [spam-filter/src/sw/sgd_sw.cpp:78->spam-filter/src/sw/sgd_sw.cpp:119]   --->   Operation 278 'specloopname' <Predicate = (!icmp_ln77)> <Delay = 0.00>
ST_57 : Operation 279 [1/1] (0.00ns)   --->   "%tmp_i2 = call i32 (...)* @_ssdm_op_SpecRegionBegin([7 x i8]* @p_str3)" [spam-filter/src/sw/sgd_sw.cpp:78->spam-filter/src/sw/sgd_sw.cpp:119]   --->   Operation 279 'specregionbegin' 'tmp_i2' <Predicate = (!icmp_ln77)> <Delay = 0.00>
ST_57 : Operation 280 [1/1] (0.00ns)   --->   "call void (...)* @_ssdm_op_SpecPipeline(i32 1, i32 1, i32 1, i32 0, [1 x i8]* @p_str1) nounwind" [spam-filter/src/sw/sgd_sw.cpp:79->spam-filter/src/sw/sgd_sw.cpp:119]   --->   Operation 280 'specpipeline' <Predicate = (!icmp_ln77)> <Delay = 0.00>
ST_57 : Operation 281 [1/1] (0.00ns)   --->   "%lhs_V_1 = call i51 @_ssdm_op_BitConcatenate.i51.i32.i19(i32 %p_Val2_8, i19 0)" [spam-filter/src/sw/sgd_sw.cpp:82->spam-filter/src/sw/sgd_sw.cpp:119]   --->   Operation 281 'bitconcatenate' 'lhs_V_1' <Predicate = (!icmp_ln77)> <Delay = 0.00>
ST_57 : Operation 282 [1/1] (3.18ns)   --->   "%ret_V_1 = add i51 %mul_ln1192_1, %lhs_V_1" [spam-filter/src/sw/sgd_sw.cpp:82->spam-filter/src/sw/sgd_sw.cpp:119]   --->   Operation 282 'add' 'ret_V_1' <Predicate = (!icmp_ln77)> <Delay = 3.18> <Core = "AddSub">   --->   Core 14 'AddSub' <Latency = 0> <II = 1> <Delay = 1.67> <FuncUnit> <Opcode : 'add' 'sub'> <InPorts = 2> <OutPorts = 1>
ST_57 : Operation 283 [1/1] (0.00ns)   --->   "%trunc_ln708_1 = call i32 @_ssdm_op_PartSelect.i32.i51.i32.i32(i51 %ret_V_1, i32 19, i32 50)" [spam-filter/src/sw/sgd_sw.cpp:82->spam-filter/src/sw/sgd_sw.cpp:119]   --->   Operation 283 'partselect' 'trunc_ln708_1' <Predicate = (!icmp_ln77)> <Delay = 0.00>
ST_57 : Operation 284 [1/1] (3.25ns)   --->   "store i32 %trunc_ln708_1, i32* %theta_V_addr_1, align 4" [spam-filter/src/sw/sgd_sw.cpp:82->spam-filter/src/sw/sgd_sw.cpp:119]   --->   Operation 284 'store' <Predicate = (!icmp_ln77)> <Delay = 3.25> <Core = "RAM">   --->   Core 37 'RAM' <Latency = 1> <II = 1> <Delay = 3.25> <Storage> <Opcode : 'load' 'store'> <Ports = 2> <Width = 8> <Depth = 4500> <RAM>
ST_57 : Operation 285 [1/1] (0.00ns)   --->   "%empty_64 = call i32 (...)* @_ssdm_op_SpecRegionEnd([7 x i8]* @p_str3, i32 %tmp_i2)" [spam-filter/src/sw/sgd_sw.cpp:93->spam-filter/src/sw/sgd_sw.cpp:119]   --->   Operation 285 'specregionend' 'empty_64' <Predicate = (!icmp_ln77)> <Delay = 0.00>
ST_57 : Operation 286 [1/1] (0.00ns)   --->   "br label %computeGradient.exit" [spam-filter/src/sw/sgd_sw.cpp:77->spam-filter/src/sw/sgd_sw.cpp:119]   --->   Operation 286 'br' <Predicate = (!icmp_ln77)> <Delay = 0.00>

State 58 <SV = 44> <Delay = 1.67>
ST_58 : Operation 287 [1/1] (1.67ns)   --->   "%training_id = add i13 %select_ln110, 1" [spam-filter/src/sw/sgd_sw.cpp:110]   --->   Operation 287 'add' 'training_id' <Predicate = true> <Delay = 1.67> <Core = "AddSub">   --->   Core 14 'AddSub' <Latency = 0> <II = 1> <Delay = 1.67> <FuncUnit> <Opcode : 'add' 'sub'> <InPorts = 2> <OutPorts = 1>
ST_58 : Operation 288 [1/1] (0.00ns)   --->   "br label %0" [spam-filter/src/sw/sgd_sw.cpp:110]   --->   Operation 288 'br' <Predicate = true> <Delay = 0.00>


============================================================
+ Verbose Summary: Timing violations
============================================================
Target clock period: 10ns, clock uncertainty: 1.25ns.

 <State 1>: 1.77ns
The critical path consists of the following:
	multiplexor before 'phi' operation ('indvar_flatten', spam-filter/src/sw/sgd_sw.cpp:107) with incoming values : ('add_ln107', spam-filter/src/sw/sgd_sw.cpp:107) [11]  (1.77 ns)

 <State 2>: 2.8ns
The critical path consists of the following:
	'phi' operation ('training_id') with incoming values : ('training_id', spam-filter/src/sw/sgd_sw.cpp:110) [12]  (0 ns)
	'icmp' operation ('icmp_ln110', spam-filter/src/sw/sgd_sw.cpp:110) [19]  (2.1 ns)
	'select' operation ('select_ln110', spam-filter/src/sw/sgd_sw.cpp:110) [20]  (0.7 ns)

 <State 3>: 5.54ns
The critical path consists of the following:
	'phi' operation ('i') with incoming values : ('i', spam-filter/src/sw/sgd_sw.cpp:21->spam-filter/src/sw/sgd_sw.cpp:113) [26]  (0 ns)
	'add' operation ('add_ln1117', spam-filter/src/sw/sgd_sw.cpp:25->spam-filter/src/sw/sgd_sw.cpp:113) [40]  (2.28 ns)
	'getelementptr' operation ('data_V_addr', spam-filter/src/sw/sgd_sw.cpp:25->spam-filter/src/sw/sgd_sw.cpp:113) [42]  (0 ns)
	'load' operation ('data_V_load', spam-filter/src/sw/sgd_sw.cpp:25->spam-filter/src/sw/sgd_sw.cpp:113) on array 'data_V' [43]  (3.25 ns)

 <State 4>: 3.25ns
The critical path consists of the following:
	'load' operation ('data_V_load', spam-filter/src/sw/sgd_sw.cpp:25->spam-filter/src/sw/sgd_sw.cpp:113) on array 'data_V' [43]  (3.25 ns)

 <State 5>: 3.25ns
The critical path consists of the following:
	'getelementptr' operation ('theta_V_addr', spam-filter/src/sw/sgd_sw.cpp:25->spam-filter/src/sw/sgd_sw.cpp:113) [37]  (0 ns)
	'load' operation ('theta_V_load', spam-filter/src/sw/sgd_sw.cpp:25->spam-filter/src/sw/sgd_sw.cpp:113) on array 'theta_V' [38]  (3.25 ns)

 <State 6>: 3.25ns
The critical path consists of the following:
	'load' operation ('theta_V_load', spam-filter/src/sw/sgd_sw.cpp:25->spam-filter/src/sw/sgd_sw.cpp:113) on array 'theta_V' [38]  (3.25 ns)

 <State 7>: 8.51ns
The critical path consists of the following:
	'mul' operation ('mul_ln1192', spam-filter/src/sw/sgd_sw.cpp:25->spam-filter/src/sw/sgd_sw.cpp:113) [45]  (8.51 ns)

 <State 8>: 2.99ns
The critical path consists of the following:
	'add' operation ('ret.V', spam-filter/src/sw/sgd_sw.cpp:25->spam-filter/src/sw/sgd_sw.cpp:113) [47]  (2.99 ns)

 <State 9>: 7.31ns
The critical path consists of the following:
	'sub' operation ('sub_ln1253', spam-filter/src/sw/sgd_sw.cpp:42->spam-filter/src/sw/sgd_sw.cpp:115) [52]  (2.55 ns)
	'select' operation ('tmp.V', spam-filter/src/sw/sgd_sw.cpp:42->spam-filter/src/sw/sgd_sw.cpp:115) [55]  (0.698 ns)
	'cttz' operation ('tmp_i3', spam-filter/src/sw/sgd_sw.cpp:42->spam-filter/src/sw/sgd_sw.cpp:115) [59]  (4.06 ns)

 <State 10>: 8.55ns
The critical path consists of the following:
	'sub' operation ('sub_ln944', spam-filter/src/sw/sgd_sw.cpp:42->spam-filter/src/sw/sgd_sw.cpp:115) [61]  (2.55 ns)
	'add' operation ('lsb_index', spam-filter/src/sw/sgd_sw.cpp:42->spam-filter/src/sw/sgd_sw.cpp:115) [62]  (2.55 ns)
	'icmp' operation ('icmp_ln947', spam-filter/src/sw/sgd_sw.cpp:42->spam-filter/src/sw/sgd_sw.cpp:115) [64]  (2.47 ns)
	'and' operation ('a', spam-filter/src/sw/sgd_sw.cpp:42->spam-filter/src/sw/sgd_sw.cpp:115) [71]  (0 ns)
	'or' operation ('or_ln949', spam-filter/src/sw/sgd_sw.cpp:42->spam-filter/src/sw/sgd_sw.cpp:115) [76]  (0 ns)
	blocking operation 0.978 ns on control path)

 <State 11>: 6.97ns
The critical path consists of the following:
	'add' operation ('add_ln954', spam-filter/src/sw/sgd_sw.cpp:42->spam-filter/src/sw/sgd_sw.cpp:115) [79]  (2.55 ns)
	'lshr' operation ('lshr_ln954', spam-filter/src/sw/sgd_sw.cpp:42->spam-filter/src/sw/sgd_sw.cpp:115) [80]  (0 ns)
	'select' operation ('m', spam-filter/src/sw/sgd_sw.cpp:42->spam-filter/src/sw/sgd_sw.cpp:115) [83]  (0 ns)
	'add' operation ('m', spam-filter/src/sw/sgd_sw.cpp:42->spam-filter/src/sw/sgd_sw.cpp:115) [84]  (4.42 ns)

 <State 12>: 5.62ns
The critical path consists of the following:
	'select' operation ('select_ln964', spam-filter/src/sw/sgd_sw.cpp:42->spam-filter/src/sw/sgd_sw.cpp:115) [88]  (1.25 ns)
	'add' operation ('add_ln964', spam-filter/src/sw/sgd_sw.cpp:42->spam-filter/src/sw/sgd_sw.cpp:115) [91]  (3.67 ns)
	'select' operation ('select_ln935', spam-filter/src/sw/sgd_sw.cpp:42->spam-filter/src/sw/sgd_sw.cpp:115) [95]  (0.698 ns)

 <State 13>: 7.68ns
The critical path consists of the following:
	'fexp' operation ('tmp_1_i', spam-filter/src/sw/sgd_sw.cpp:42->spam-filter/src/sw/sgd_sw.cpp:115) [96]  (7.68 ns)

 <State 14>: 7.68ns
The critical path consists of the following:
	'fexp' operation ('tmp_1_i', spam-filter/src/sw/sgd_sw.cpp:42->spam-filter/src/sw/sgd_sw.cpp:115) [96]  (7.68 ns)

 <State 15>: 7.68ns
The critical path consists of the following:
	'fexp' operation ('tmp_1_i', spam-filter/src/sw/sgd_sw.cpp:42->spam-filter/src/sw/sgd_sw.cpp:115) [96]  (7.68 ns)

 <State 16>: 7.68ns
The critical path consists of the following:
	'fexp' operation ('tmp_1_i', spam-filter/src/sw/sgd_sw.cpp:42->spam-filter/src/sw/sgd_sw.cpp:115) [96]  (7.68 ns)

 <State 17>: 7.68ns
The critical path consists of the following:
	'fexp' operation ('tmp_1_i', spam-filter/src/sw/sgd_sw.cpp:42->spam-filter/src/sw/sgd_sw.cpp:115) [96]  (7.68 ns)

 <State 18>: 7.68ns
The critical path consists of the following:
	'fexp' operation ('tmp_1_i', spam-filter/src/sw/sgd_sw.cpp:42->spam-filter/src/sw/sgd_sw.cpp:115) [96]  (7.68 ns)

 <State 19>: 7.68ns
The critical path consists of the following:
	'fexp' operation ('tmp_1_i', spam-filter/src/sw/sgd_sw.cpp:42->spam-filter/src/sw/sgd_sw.cpp:115) [96]  (7.68 ns)

 <State 20>: 7.68ns
The critical path consists of the following:
	'fexp' operation ('tmp_1_i', spam-filter/src/sw/sgd_sw.cpp:42->spam-filter/src/sw/sgd_sw.cpp:115) [96]  (7.68 ns)

 <State 21>: 7.68ns
The critical path consists of the following:
	'fexp' operation ('tmp_1_i', spam-filter/src/sw/sgd_sw.cpp:42->spam-filter/src/sw/sgd_sw.cpp:115) [96]  (7.68 ns)

 <State 22>: 7.26ns
The critical path consists of the following:
	'fadd' operation ('tmp_2_i', spam-filter/src/sw/sgd_sw.cpp:42->spam-filter/src/sw/sgd_sw.cpp:115) [97]  (7.26 ns)

 <State 23>: 7.26ns
The critical path consists of the following:
	'fadd' operation ('tmp_2_i', spam-filter/src/sw/sgd_sw.cpp:42->spam-filter/src/sw/sgd_sw.cpp:115) [97]  (7.26 ns)

 <State 24>: 7.26ns
The critical path consists of the following:
	'fadd' operation ('tmp_2_i', spam-filter/src/sw/sgd_sw.cpp:42->spam-filter/src/sw/sgd_sw.cpp:115) [97]  (7.26 ns)

 <State 25>: 7.26ns
The critical path consists of the following:
	'fadd' operation ('tmp_2_i', spam-filter/src/sw/sgd_sw.cpp:42->spam-filter/src/sw/sgd_sw.cpp:115) [97]  (7.26 ns)

 <State 26>: 7.26ns
The critical path consists of the following:
	'fadd' operation ('tmp_2_i', spam-filter/src/sw/sgd_sw.cpp:42->spam-filter/src/sw/sgd_sw.cpp:115) [97]  (7.26 ns)

 <State 27>: 6.08ns
The critical path consists of the following:
	'fdiv' operation ('v', spam-filter/src/sw/sgd_sw.cpp:42->spam-filter/src/sw/sgd_sw.cpp:115) [98]  (6.08 ns)

 <State 28>: 6.08ns
The critical path consists of the following:
	'fdiv' operation ('v', spam-filter/src/sw/sgd_sw.cpp:42->spam-filter/src/sw/sgd_sw.cpp:115) [98]  (6.08 ns)

 <State 29>: 6.08ns
The critical path consists of the following:
	'fdiv' operation ('v', spam-filter/src/sw/sgd_sw.cpp:42->spam-filter/src/sw/sgd_sw.cpp:115) [98]  (6.08 ns)

 <State 30>: 6.08ns
The critical path consists of the following:
	'fdiv' operation ('v', spam-filter/src/sw/sgd_sw.cpp:42->spam-filter/src/sw/sgd_sw.cpp:115) [98]  (6.08 ns)

 <State 31>: 6.08ns
The critical path consists of the following:
	'fdiv' operation ('v', spam-filter/src/sw/sgd_sw.cpp:42->spam-filter/src/sw/sgd_sw.cpp:115) [98]  (6.08 ns)

 <State 32>: 6.08ns
The critical path consists of the following:
	'fdiv' operation ('v', spam-filter/src/sw/sgd_sw.cpp:42->spam-filter/src/sw/sgd_sw.cpp:115) [98]  (6.08 ns)

 <State 33>: 6.08ns
The critical path consists of the following:
	'fdiv' operation ('v', spam-filter/src/sw/sgd_sw.cpp:42->spam-filter/src/sw/sgd_sw.cpp:115) [98]  (6.08 ns)

 <State 34>: 6.08ns
The critical path consists of the following:
	'fdiv' operation ('v', spam-filter/src/sw/sgd_sw.cpp:42->spam-filter/src/sw/sgd_sw.cpp:115) [98]  (6.08 ns)

 <State 35>: 6.08ns
The critical path consists of the following:
	'fdiv' operation ('v', spam-filter/src/sw/sgd_sw.cpp:42->spam-filter/src/sw/sgd_sw.cpp:115) [98]  (6.08 ns)

 <State 36>: 6.08ns
The critical path consists of the following:
	'fdiv' operation ('v', spam-filter/src/sw/sgd_sw.cpp:42->spam-filter/src/sw/sgd_sw.cpp:115) [98]  (6.08 ns)

 <State 37>: 6.08ns
The critical path consists of the following:
	'fdiv' operation ('v', spam-filter/src/sw/sgd_sw.cpp:42->spam-filter/src/sw/sgd_sw.cpp:115) [98]  (6.08 ns)

 <State 38>: 6.08ns
The critical path consists of the following:
	'fdiv' operation ('v', spam-filter/src/sw/sgd_sw.cpp:42->spam-filter/src/sw/sgd_sw.cpp:115) [98]  (6.08 ns)

 <State 39>: 6.08ns
The critical path consists of the following:
	'fdiv' operation ('v', spam-filter/src/sw/sgd_sw.cpp:42->spam-filter/src/sw/sgd_sw.cpp:115) [98]  (6.08 ns)

 <State 40>: 6.08ns
The critical path consists of the following:
	'fdiv' operation ('v', spam-filter/src/sw/sgd_sw.cpp:42->spam-filter/src/sw/sgd_sw.cpp:115) [98]  (6.08 ns)

 <State 41>: 6.08ns
The critical path consists of the following:
	'fdiv' operation ('v', spam-filter/src/sw/sgd_sw.cpp:42->spam-filter/src/sw/sgd_sw.cpp:115) [98]  (6.08 ns)

 <State 42>: 6.08ns
The critical path consists of the following:
	'fdiv' operation ('v', spam-filter/src/sw/sgd_sw.cpp:42->spam-filter/src/sw/sgd_sw.cpp:115) [98]  (6.08 ns)

 <State 43>: 4.44ns
The critical path consists of the following:
	'fpext' operation ('d', spam-filter/src/sw/sgd_sw.cpp:42->spam-filter/src/sw/sgd_sw.cpp:115) [99]  (4.44 ns)

 <State 44>: 8.67ns
The critical path consists of the following:
	'fpext' operation ('d', spam-filter/src/sw/sgd_sw.cpp:42->spam-filter/src/sw/sgd_sw.cpp:115) [99]  (4.44 ns)
	'sub' operation ('F2', spam-filter/src/sw/sgd_sw.cpp:42->spam-filter/src/sw/sgd_sw.cpp:115) [111]  (1.55 ns)
	'icmp' operation ('icmp_ln581', spam-filter/src/sw/sgd_sw.cpp:42->spam-filter/src/sw/sgd_sw.cpp:115) [112]  (1.99 ns)
	'select' operation ('sh_amt', spam-filter/src/sw/sgd_sw.cpp:42->spam-filter/src/sw/sgd_sw.cpp:115) [115]  (0.697 ns)

 <State 45>: 7.08ns
The critical path consists of the following:
	'icmp' operation ('icmp_ln603', spam-filter/src/sw/sgd_sw.cpp:42->spam-filter/src/sw/sgd_sw.cpp:115) [121]  (1.49 ns)
	'and' operation ('and_ln603', spam-filter/src/sw/sgd_sw.cpp:42->spam-filter/src/sw/sgd_sw.cpp:115) [139]  (0.978 ns)
	'select' operation ('select_ln603', spam-filter/src/sw/sgd_sw.cpp:42->spam-filter/src/sw/sgd_sw.cpp:115) [140]  (4.61 ns)

 <State 46>: 5.81ns
The critical path consists of the following:
	'load' operation ('tmp.V', spam-filter/src/sw/sgd_sw.cpp:117) on array 'label_V' [149]  (3.25 ns)
	'sub' operation ('sub_ln703', spam-filter/src/sw/sgd_sw.cpp:117) [152]  (2.55 ns)

 <State 47>: 5.54ns
The critical path consists of the following:
	'phi' operation ('i') with incoming values : ('i', spam-filter/src/sw/sgd_sw.cpp:52->spam-filter/src/sw/sgd_sw.cpp:117) [156]  (0 ns)
	'add' operation ('add_ln1117_1', spam-filter/src/sw/sgd_sw.cpp:57->spam-filter/src/sw/sgd_sw.cpp:117) [167]  (2.28 ns)
	'getelementptr' operation ('data_V_addr_1', spam-filter/src/sw/sgd_sw.cpp:57->spam-filter/src/sw/sgd_sw.cpp:117) [169]  (0 ns)
	'load' operation ('data_V_load_1', spam-filter/src/sw/sgd_sw.cpp:57->spam-filter/src/sw/sgd_sw.cpp:117) on array 'data_V' [170]  (3.25 ns)

 <State 48>: 3.25ns
The critical path consists of the following:
	'load' operation ('data_V_load_1', spam-filter/src/sw/sgd_sw.cpp:57->spam-filter/src/sw/sgd_sw.cpp:117) on array 'data_V' [170]  (3.25 ns)

 <State 49>: 3.25ns
The critical path consists of the following:
	'load' operation ('data_V_load_1', spam-filter/src/sw/sgd_sw.cpp:57->spam-filter/src/sw/sgd_sw.cpp:117) on array 'data_V' [170]  (3.25 ns)

 <State 50>: 3.25ns
The critical path consists of the following:
	'load' operation ('data_V_load_1', spam-filter/src/sw/sgd_sw.cpp:57->spam-filter/src/sw/sgd_sw.cpp:117) on array 'data_V' [170]  (3.25 ns)

 <State 51>: 8.51ns
The critical path consists of the following:
	'mul' operation ('r.V', spam-filter/src/sw/sgd_sw.cpp:57->spam-filter/src/sw/sgd_sw.cpp:117) [172]  (8.51 ns)

 <State 52>: 3.25ns
The critical path consists of the following:
	'getelementptr' operation ('gradient_V_addr', spam-filter/src/sw/sgd_sw.cpp:57->spam-filter/src/sw/sgd_sw.cpp:117) [174]  (0 ns)
	'store' operation ('store_ln57', spam-filter/src/sw/sgd_sw.cpp:57->spam-filter/src/sw/sgd_sw.cpp:117) of variable 'trunc_ln7', spam-filter/src/sw/sgd_sw.cpp:57->spam-filter/src/sw/sgd_sw.cpp:117 on array 'grad.V', spam-filter/src/sw/sgd_sw.cpp:103 [175]  (3.25 ns)

 <State 53>: 1.77ns
The critical path consists of the following:
	multiplexor before 'phi' operation ('i') with incoming values : ('i', spam-filter/src/sw/sgd_sw.cpp:77->spam-filter/src/sw/sgd_sw.cpp:119) [181]  (1.77 ns)

 <State 54>: 3.25ns
The critical path consists of the following:
	'phi' operation ('i') with incoming values : ('i', spam-filter/src/sw/sgd_sw.cpp:77->spam-filter/src/sw/sgd_sw.cpp:119) [181]  (0 ns)
	'getelementptr' operation ('gradient_V_addr_1', spam-filter/src/sw/sgd_sw.cpp:82->spam-filter/src/sw/sgd_sw.cpp:119) [191]  (0 ns)
	'load' operation ('gradient_V_load', spam-filter/src/sw/sgd_sw.cpp:82->spam-filter/src/sw/sgd_sw.cpp:119) on array 'grad.V', spam-filter/src/sw/sgd_sw.cpp:103 [192]  (3.25 ns)

 <State 55>: 3.25ns
The critical path consists of the following:
	'load' operation ('gradient_V_load', spam-filter/src/sw/sgd_sw.cpp:82->spam-filter/src/sw/sgd_sw.cpp:119) on array 'grad.V', spam-filter/src/sw/sgd_sw.cpp:103 [192]  (3.25 ns)

 <State 56>: 8.51ns
The critical path consists of the following:
	'mul' operation ('mul_ln1192_1', spam-filter/src/sw/sgd_sw.cpp:82->spam-filter/src/sw/sgd_sw.cpp:119) [194]  (8.51 ns)

 <State 57>: 6.44ns
The critical path consists of the following:
	'add' operation ('ret.V', spam-filter/src/sw/sgd_sw.cpp:82->spam-filter/src/sw/sgd_sw.cpp:119) [198]  (3.18 ns)
	'store' operation ('store_ln82', spam-filter/src/sw/sgd_sw.cpp:82->spam-filter/src/sw/sgd_sw.cpp:119) of variable 'trunc_ln708_1', spam-filter/src/sw/sgd_sw.cpp:82->spam-filter/src/sw/sgd_sw.cpp:119 on array 'theta_V' [200]  (3.25 ns)

 <State 58>: 1.68ns
The critical path consists of the following:
	'add' operation ('training_id', spam-filter/src/sw/sgd_sw.cpp:110) [204]  (1.68 ns)


============================================================
+ Verbose Summary: Binding
============================================================
N/A
* FSMD analyzer results:
  - Output states:
 - Input state : 
  - Chain level:
	State 1
	State 2
	State 3
	State 4
	State 5
	State 6
	State 7
	State 8
	State 9
	State 10
	State 11
	State 12
	State 13
	State 14
	State 15
	State 16
	State 17
	State 18
	State 19
	State 20
	State 21
	State 22
	State 23
	State 24
	State 25
	State 26
	State 27
	State 28
	State 29
	State 30
	State 31
	State 32
	State 33
	State 34
	State 35
	State 36
	State 37
	State 38
	State 39
	State 40
	State 41
	State 42
	State 43
	State 44
	State 45
	State 46
	State 47
	State 48
	State 49
	State 50
	State 51
	State 52
	State 53
	State 54
	State 55
	State 56
	State 57
	State 58


============================================================
+ Verbose Summary: Datapath Resource usage 
============================================================
N/A
